{
  "stats": {
    "suites": 1,
    "tests": 1,
    "passes": 0,
    "pending": 0,
    "failures": 1,
    "start": "2026-02-26T13:29:39.718Z",
    "end": "2026-02-26T13:29:56.771Z",
    "duration": 17053,
    "testsRegistered": 15,
    "passPercent": 0,
    "pendingPercent": 0,
    "other": 0,
    "hasOther": false,
    "skipped": 14,
    "hasSkipped": true
  },
  "results": [
    {
      "uuid": "001cd177-3935-47f0-b5a5-c2908a15878c",
      "title": "",
      "fullFile": "tests\\cypress\\e2e\\asset-management.cy.js",
      "file": "tests\\cypress\\e2e\\asset-management.cy.js",
      "beforeHooks": [],
      "afterHooks": [],
      "tests": [],
      "suites": [
        {
          "uuid": "6917142c-6ace-4dc2-a5f5-2c1333fff852",
          "title": "资产管理功能测试",
          "fullFile": "",
          "file": "",
          "beforeHooks": [],
          "afterHooks": [],
          "tests": [],
          "suites": [
            {
              "uuid": "6b36bb01-364d-470f-acef-1b40adbe8ce2",
              "title": "设备台账页面 - 真实数据验证",
              "fullFile": "",
              "file": "",
              "beforeHooks": [],
              "afterHooks": [],
              "tests": [
                {
                  "title": "应该能够访问设备台账并显示页面",
                  "fullTitle": "资产管理功能测试 设备台账页面 - 真实数据验证 应该能够访问设备台账并显示页面",
                  "timedOut": null,
                  "duration": 16932,
                  "state": "failed",
                  "speed": null,
                  "pass": false,
                  "fail": true,
                  "pending": false,
                  "context": null,
                  "code": "cy.contains('设备台账', {\n  timeout: 30000\n}).should('be.visible');",
                  "err": {
                    "message": "AssertionError: Timed out retrying after 15000ms: expected 'http://localhost:5173/login' to not include '/login'\n\nThis error occurred while creating the session. Because the session setup failed, we failed the test.\n\nBecause this error occurred during a `before all` hook we are skipping the remaining tests in the current suite: `资产管理功能测试`\n\nAlthough you have test retries enabled, we do not retry tests when `before all` or `after all` hooks fail",
                    "estack": "AssertionError: Timed out retrying after 15000ms: expected 'http://localhost:5173/login' to not include '/login'\n\nThis error occurred while creating the session. Because the session setup failed, we failed the test.\n\nBecause this error occurred during a `before all` hook we are skipping the remaining tests in the current suite: `资产管理功能测试`\n\nAlthough you have test retries enabled, we do not retry tests when `before all` or `after all` hooks fail\n    at performLogin (webpack:///../tests/cypress/support/commands.js:38:29)\n    at Object.eval [as setup] (webpack:///../tests/cypress/support/commands.js:12:6)\n    at Context.<anonymous> (http://localhost:5173/__cypress/runner/cypress_runner.js:136668:38)\n    at getRet (http://localhost:5173/__cypress/runner/cypress_runner.js:122807:20)\n    at tryCatcher (http://localhost:5173/__cypress/runner/cypress_runner.js:1777:23)\n    at Promise.attempt.Promise.try (http://localhost:5173/__cypress/runner/cypress_runner.js:4285:29)\n    at Context.thenFn (http://localhost:5173/__cypress/runner/cypress_runner.js:122818:66)\n    at Context.then (http://localhost:5173/__cypress/runner/cypress_runner.js:123069:21)\n    at wrapped (http://localhost:5173/__cypress/runner/cypress_runner.js:146327:19)",
                    "diff": null
                  },
                  "uuid": "cfd8a1e9-f514-49f7-af27-6e5eca19c607",
                  "parentUUID": null,
                  "isHook": false,
                  "skipped": false
                },
                {
                  "title": "应该显示设备类型卡片",
                  "fullTitle": "资产管理功能测试 设备台账页面 - 真实数据验证 应该显示设备类型卡片",
                  "timedOut": null,
                  "duration": 0,
                  "state": "skipped",
                  "speed": null,
                  "pass": false,
                  "fail": false,
                  "pending": false,
                  "context": null,
                  "code": "cy.get('[data-cy=\"device-type-card\"], .device-type-card', {\n  timeout: 30000\n}).should('be.visible');",
                  "err": {},
                  "uuid": "0377b5f1-54b3-4f5c-ad7f-b990e04d1e62",
                  "parentUUID": null,
                  "isHook": false,
                  "skipped": true
                }
              ],
              "suites": [],
              "passes": [],
              "failures": [
                "cfd8a1e9-f514-49f7-af27-6e5eca19c607"
              ],
              "pending": [],
              "skipped": [
                "0377b5f1-54b3-4f5c-ad7f-b990e04d1e62"
              ],
              "duration": 16932,
              "root": false,
              "rootEmpty": false,
              "_timeout": 2000
            },
            {
              "uuid": "5a973c9f-0459-4b48-a22a-859441ce2de4",
              "title": "设备列表页面 - 真实数据验证",
              "fullFile": "",
              "file": "",
              "beforeHooks": [],
              "afterHooks": [],
              "tests": [
                {
                  "title": "应该能够访问设备列表并显示真实数据",
                  "fullTitle": "资产管理功能测试 设备列表页面 - 真实数据验证 应该能够访问设备列表并显示真实数据",
                  "timedOut": null,
                  "duration": 0,
                  "state": "skipped",
                  "speed": null,
                  "pass": false,
                  "fail": false,
                  "pending": false,
                  "context": null,
                  "code": "cy.contains('设备列表', {\n  timeout: 30000\n}).should('be.visible');\ncy.get('.el-table, table', {\n  timeout: 30000\n}).should('be.visible');",
                  "err": {},
                  "uuid": "1955f864-a1e2-499b-92fa-a82c493b61fc",
                  "parentUUID": null,
                  "isHook": false,
                  "skipped": true
                },
                {
                  "title": "应该验证设备数据结构和有效性",
                  "fullTitle": "资产管理功能测试 设备列表页面 - 真实数据验证 应该验证设备数据结构和有效性",
                  "timedOut": null,
                  "duration": 0,
                  "state": "skipped",
                  "speed": null,
                  "pass": false,
                  "fail": false,
                  "pending": false,
                  "context": null,
                  "code": "if (realDevices.length > 0) {\n  const firstDevice = realDevices[0];\n  cy.validateApiData(firstDevice, {\n    id: {\n      required: true,\n      type: 'number'\n    },\n    deviceCode: {\n      required: true,\n      type: 'string',\n      minLength: 1\n    },\n    deviceName: {\n      required: true,\n      type: 'string',\n      minLength: 1\n    }\n  }).then(validation => {\n    expect(validation.valid).to.be.true;\n    cy.log('设备数据结构验证通过:', firstDevice.deviceCode);\n  });\n}",
                  "err": {},
                  "uuid": "7c36d12c-1453-4c11-8824-269daf448659",
                  "parentUUID": null,
                  "isHook": false,
                  "skipped": true
                },
                {
                  "title": "应该显示设备统计卡片",
                  "fullTitle": "资产管理功能测试 设备列表页面 - 真实数据验证 应该显示设备统计卡片",
                  "timedOut": null,
                  "duration": 0,
                  "state": "skipped",
                  "speed": null,
                  "pass": false,
                  "fail": false,
                  "pending": false,
                  "context": null,
                  "code": "cy.get('[data-cy=\"stats-card\"], .stats-card', {\n  timeout: 30000\n}).should('be.visible');",
                  "err": {},
                  "uuid": "f0a58400-a7d3-4f8c-8e73-893893fe01cc",
                  "parentUUID": null,
                  "isHook": false,
                  "skipped": true
                },
                {
                  "title": "应该显示新增设备按钮",
                  "fullTitle": "资产管理功能测试 设备列表页面 - 真实数据验证 应该显示新增设备按钮",
                  "timedOut": null,
                  "duration": 0,
                  "state": "skipped",
                  "speed": null,
                  "pass": false,
                  "fail": false,
                  "pending": false,
                  "context": null,
                  "code": "cy.get('[data-cy=\"device-create-btn\"], button:contains(\"新增\")', {\n  timeout: 30000\n}).should('be.visible');",
                  "err": {},
                  "uuid": "496d842a-e34d-493a-bfc7-00c4f641e976",
                  "parentUUID": null,
                  "isHook": false,
                  "skipped": true
                }
              ],
              "suites": [],
              "passes": [],
              "failures": [],
              "pending": [],
              "skipped": [
                "1955f864-a1e2-499b-92fa-a82c493b61fc",
                "7c36d12c-1453-4c11-8824-269daf448659",
                "f0a58400-a7d3-4f8c-8e73-893893fe01cc",
                "496d842a-e34d-493a-bfc7-00c4f641e976"
              ],
              "duration": 0,
              "root": false,
              "rootEmpty": false,
              "_timeout": 2000
            },
            {
              "uuid": "efdc7aca-4889-466b-8976-e93c77ad7b84",
              "title": "维修管理页面",
              "fullFile": "",
              "file": "",
              "beforeHooks": [],
              "afterHooks": [],
              "tests": [
                {
                  "title": "应该能够访问维修管理页面",
                  "fullTitle": "资产管理功能测试 维修管理页面 应该能够访问维修管理页面",
                  "timedOut": null,
                  "duration": 0,
                  "state": "skipped",
                  "speed": null,
                  "pass": false,
                  "fail": false,
                  "pending": false,
                  "context": null,
                  "code": "cy.contains('维修', {\n  timeout: 30000\n}).should('be.visible');",
                  "err": {},
                  "uuid": "ed85df8b-c078-4669-8335-d504c65643da",
                  "parentUUID": null,
                  "isHook": false,
                  "skipped": true
                },
                {
                  "title": "应该显示维修记录列表",
                  "fullTitle": "资产管理功能测试 维修管理页面 应该显示维修记录列表",
                  "timedOut": null,
                  "duration": 0,
                  "state": "skipped",
                  "speed": null,
                  "pass": false,
                  "fail": false,
                  "pending": false,
                  "context": null,
                  "code": "cy.get('.el-table, table', {\n  timeout: 30000\n}).should('be.visible');",
                  "err": {},
                  "uuid": "e5d6b265-a02a-4fe1-848f-a92db81765f3",
                  "parentUUID": null,
                  "isHook": false,
                  "skipped": true
                }
              ],
              "suites": [],
              "passes": [],
              "failures": [],
              "pending": [],
              "skipped": [
                "ed85df8b-c078-4669-8335-d504c65643da",
                "e5d6b265-a02a-4fe1-848f-a92db81765f3"
              ],
              "duration": 0,
              "root": false,
              "rootEmpty": false,
              "_timeout": 2000
            },
            {
              "uuid": "188d96a4-6aad-4141-82df-9e0784ed2679",
              "title": "保养管理页面",
              "fullFile": "",
              "file": "",
              "beforeHooks": [],
              "afterHooks": [],
              "tests": [
                {
                  "title": "应该能够访问保养管理页面",
                  "fullTitle": "资产管理功能测试 保养管理页面 应该能够访问保养管理页面",
                  "timedOut": null,
                  "duration": 0,
                  "state": "skipped",
                  "speed": null,
                  "pass": false,
                  "fail": false,
                  "pending": false,
                  "context": null,
                  "code": "cy.contains('保养', {\n  timeout: 30000\n}).should('be.visible');",
                  "err": {},
                  "uuid": "989d313c-c763-4b4e-9ae3-6685210d70dc",
                  "parentUUID": null,
                  "isHook": false,
                  "skipped": true
                },
                {
                  "title": "应该显示保养记录列表",
                  "fullTitle": "资产管理功能测试 保养管理页面 应该显示保养记录列表",
                  "timedOut": null,
                  "duration": 0,
                  "state": "skipped",
                  "speed": null,
                  "pass": false,
                  "fail": false,
                  "pending": false,
                  "context": null,
                  "code": "cy.get('.el-table, table', {\n  timeout: 30000\n}).should('be.visible');",
                  "err": {},
                  "uuid": "11f173b9-0831-44b8-ba6b-d05a93ca9276",
                  "parentUUID": null,
                  "isHook": false,
                  "skipped": true
                }
              ],
              "suites": [],
              "passes": [],
              "failures": [],
              "pending": [],
              "skipped": [
                "989d313c-c763-4b4e-9ae3-6685210d70dc",
                "11f173b9-0831-44b8-ba6b-d05a93ca9276"
              ],
              "duration": 0,
              "root": false,
              "rootEmpty": false,
              "_timeout": 2000
            },
            {
              "uuid": "b59efd6a-f670-4207-8c8d-da69955d8b64",
              "title": "报废管理页面",
              "fullFile": "",
              "file": "",
              "beforeHooks": [],
              "afterHooks": [],
              "tests": [
                {
                  "title": "应该能够访问报废管理页面",
                  "fullTitle": "资产管理功能测试 报废管理页面 应该能够访问报废管理页面",
                  "timedOut": null,
                  "duration": 0,
                  "state": "skipped",
                  "speed": null,
                  "pass": false,
                  "fail": false,
                  "pending": false,
                  "context": null,
                  "code": "cy.contains('报废', {\n  timeout: 30000\n}).should('be.visible');",
                  "err": {},
                  "uuid": "ce201235-00ac-4038-af16-ef4639222a2a",
                  "parentUUID": null,
                  "isHook": false,
                  "skipped": true
                },
                {
                  "title": "应该显示报废记录列表",
                  "fullTitle": "资产管理功能测试 报废管理页面 应该显示报废记录列表",
                  "timedOut": null,
                  "duration": 0,
                  "state": "skipped",
                  "speed": null,
                  "pass": false,
                  "fail": false,
                  "pending": false,
                  "context": null,
                  "code": "cy.get('.el-table, table', {\n  timeout: 30000\n}).should('be.visible');",
                  "err": {},
                  "uuid": "0436acde-aa09-45d5-a8d2-6d72ed6dbef7",
                  "parentUUID": null,
                  "isHook": false,
                  "skipped": true
                }
              ],
              "suites": [],
              "passes": [],
              "failures": [],
              "pending": [],
              "skipped": [
                "ce201235-00ac-4038-af16-ef4639222a2a",
                "0436acde-aa09-45d5-a8d2-6d72ed6dbef7"
              ],
              "duration": 0,
              "root": false,
              "rootEmpty": false,
              "_timeout": 2000
            },
            {
              "uuid": "b37cd657-22f0-4050-baa2-dd7723b97bd5",
              "title": "数据完整性和一致性验证",
              "fullFile": "",
              "file": "",
              "beforeHooks": [],
              "afterHooks": [],
              "tests": [
                {
                  "title": "应该验证所有获取的数据不为空",
                  "fullTitle": "资产管理功能测试 数据完整性和一致性验证 应该验证所有获取的数据不为空",
                  "timedOut": null,
                  "duration": 0,
                  "state": "skipped",
                  "speed": null,
                  "pass": false,
                  "fail": false,
                  "pending": false,
                  "context": null,
                  "code": "expect(realDevices).to.be.an('array');\ncy.log('数据完整性验证通过');",
                  "err": {},
                  "uuid": "1d52b53f-ba93-418c-a29b-9c1cb3c055f9",
                  "parentUUID": null,
                  "isHook": false,
                  "skipped": true
                },
                {
                  "title": "应该验证设备ID唯一性",
                  "fullTitle": "资产管理功能测试 数据完整性和一致性验证 应该验证设备ID唯一性",
                  "timedOut": null,
                  "duration": 0,
                  "state": "skipped",
                  "speed": null,
                  "pass": false,
                  "fail": false,
                  "pending": false,
                  "context": null,
                  "code": "if (realDevices.length > 1) {\n  const ids = realDevices.map(device => device.id);\n  const uniqueIds = [...new Set(ids)];\n  expect(ids.length).to.equal(uniqueIds.length);\n  cy.log('设备ID唯一性验证通过');\n}",
                  "err": {},
                  "uuid": "7e742eea-d9c3-426d-925d-a962569e5d3f",
                  "parentUUID": null,
                  "isHook": false,
                  "skipped": true
                },
                {
                  "title": "应该验证设备编号唯一性",
                  "fullTitle": "资产管理功能测试 数据完整性和一致性验证 应该验证设备编号唯一性",
                  "timedOut": null,
                  "duration": 0,
                  "state": "skipped",
                  "speed": null,
                  "pass": false,
                  "fail": false,
                  "pending": false,
                  "context": null,
                  "code": "if (realDevices.length > 1) {\n  const codes = realDevices.map(device => device.deviceCode);\n  const uniqueCodes = [...new Set(codes)];\n  expect(codes.length).to.equal(uniqueCodes.length);\n  cy.log('设备编号唯一性验证通过');\n}",
                  "err": {},
                  "uuid": "48755926-030b-413e-af51-2242f4a30e5c",
                  "parentUUID": null,
                  "isHook": false,
                  "skipped": true
                }
              ],
              "suites": [],
              "passes": [],
              "failures": [],
              "pending": [],
              "skipped": [
                "1d52b53f-ba93-418c-a29b-9c1cb3c055f9",
                "7e742eea-d9c3-426d-925d-a962569e5d3f",
                "48755926-030b-413e-af51-2242f4a30e5c"
              ],
              "duration": 0,
              "root": false,
              "rootEmpty": false,
              "_timeout": 2000
            }
          ],
          "passes": [],
          "failures": [],
          "pending": [],
          "skipped": [],
          "duration": 0,
          "root": false,
          "rootEmpty": false,
          "_timeout": 2000
        }
      ],
      "passes": [],
      "failures": [],
      "pending": [],
      "skipped": [],
      "duration": 0,
      "root": true,
      "rootEmpty": true,
      "_timeout": 2000
    }
  ],
  "meta": {
    "mocha": {
      "version": "7.2.0"
    },
    "mochawesome": {
      "options": {
        "quiet": false,
        "reportFilename": "mochawesome",
        "saveHtml": false,
        "saveJson": true,
        "consoleReporter": "spec",
        "useInlineDiffs": false,
        "code": true
      },
      "version": "7.1.4"
    },
    "marge": {
      "options": {
        "charts": true,
        "reportPageTitle": "WMS E2E Test Report",
        "embeddedScreenshots": true,
        "inlineAssets": true,
        "saveAllAttempts": false,
        "reportDir": "tests\\cypress\\reports\\.jsons",
        "overwrite": false,
        "html": false,
        "json": true
      },
      "version": "6.3.2"
    }
  }
}