{
  "stats": {
    "suites": 8,
    "tests": 20,
    "passes": 16,
    "pending": 0,
    "failures": 4,
    "start": "2026-02-26T13:30:12.164Z",
    "end": "2026-02-26T13:36:34.858Z",
    "duration": 382694,
    "testsRegistered": 20,
    "passPercent": 80,
    "pendingPercent": 0,
    "other": 0,
    "hasOther": false,
    "skipped": 0,
    "hasSkipped": false
  },
  "results": [
    {
      "uuid": "29ab080f-48e0-4178-809d-2d318b133310",
      "title": "",
      "fullFile": "tests\\cypress\\e2e\\data-cy-validation-test.cy.js",
      "file": "tests\\cypress\\e2e\\data-cy-validation-test.cy.js",
      "beforeHooks": [],
      "afterHooks": [],
      "tests": [],
      "suites": [
        {
          "uuid": "9ea594aa-193d-4d9e-9538-0d2a2922ae38",
          "title": "🔍 data-cy 属性全面验证测试",
          "fullFile": "",
          "file": "",
          "beforeHooks": [],
          "afterHooks": [],
          "tests": [],
          "suites": [
            {
              "uuid": "43293ac0-de52-4958-aa54-fc3cefa06786",
              "title": "📄 页面级data-cy属性验证",
              "fullFile": "",
              "file": "",
              "beforeHooks": [],
              "afterHooks": [],
              "tests": [
                {
                  "title": "应该验证 登录页面 的data-cy属性",
                  "fullTitle": "🔍 data-cy 属性全面验证测试 📄 页面级data-cy属性验证 应该验证 登录页面 的data-cy属性",
                  "timedOut": null,
                  "duration": 3169,
                  "state": "passed",
                  "speed": "fast",
                  "pass": true,
                  "fail": false,
                  "pending": false,
                  "context": null,
                  "code": "cy.visit(page.path, {\n  failOnStatusCode: false\n});\ncy.wait(2000); // 等待页面加载\n// 收集该页面的所有data-cy属性\ncy.get('[data-cy]').then($elements => {\n  const pageAttributes = [];\n  $elements.each((index, element) => {\n    const dataCy = element.getAttribute('data-cy');\n    if (dataCy) {\n      pageAttributes.push(dataCy);\n      allDataCyAttributes.add(dataCy);\n    }\n  });\n  pageDataCyMap[page.name] = pageAttributes;\n  cy.log(`${page.name} 发现 ${pageAttributes.length} 个data-cy属性`);\n  // 验证至少有一些data-cy属性\n  if (pageAttributes.length === 0) {\n    cy.log(`⚠️ ${page.name} 没有发现data-cy属性`);\n  }\n});",
                  "err": {},
                  "uuid": "918dd38f-4a07-4dda-96c0-f6d2195a2eeb",
                  "parentUUID": "43293ac0-de52-4958-aa54-fc3cefa06786",
                  "isHook": false,
                  "skipped": false
                },
                {
                  "title": "应该验证 仪表盘 的data-cy属性",
                  "fullTitle": "🔍 data-cy 属性全面验证测试 📄 页面级data-cy属性验证 应该验证 仪表盘 的data-cy属性",
                  "timedOut": null,
                  "duration": 2219,
                  "state": "passed",
                  "speed": "fast",
                  "pass": true,
                  "fail": false,
                  "pending": false,
                  "context": null,
                  "code": "cy.visit(page.path, {\n  failOnStatusCode: false\n});\ncy.wait(2000); // 等待页面加载\n// 收集该页面的所有data-cy属性\ncy.get('[data-cy]').then($elements => {\n  const pageAttributes = [];\n  $elements.each((index, element) => {\n    const dataCy = element.getAttribute('data-cy');\n    if (dataCy) {\n      pageAttributes.push(dataCy);\n      allDataCyAttributes.add(dataCy);\n    }\n  });\n  pageDataCyMap[page.name] = pageAttributes;\n  cy.log(`${page.name} 发现 ${pageAttributes.length} 个data-cy属性`);\n  // 验证至少有一些data-cy属性\n  if (pageAttributes.length === 0) {\n    cy.log(`⚠️ ${page.name} 没有发现data-cy属性`);\n  }\n});",
                  "err": {},
                  "uuid": "4bef35af-8a76-4377-917b-25cd6d6993ab",
                  "parentUUID": "43293ac0-de52-4958-aa54-fc3cefa06786",
                  "isHook": false,
                  "skipped": false
                },
                {
                  "title": "应该验证 入库管理 的data-cy属性",
                  "fullTitle": "🔍 data-cy 属性全面验证测试 📄 页面级data-cy属性验证 应该验证 入库管理 的data-cy属性",
                  "timedOut": null,
                  "duration": 2538,
                  "state": "passed",
                  "speed": "fast",
                  "pass": true,
                  "fail": false,
                  "pending": false,
                  "context": null,
                  "code": "cy.visit(page.path, {\n  failOnStatusCode: false\n});\ncy.wait(2000); // 等待页面加载\n// 收集该页面的所有data-cy属性\ncy.get('[data-cy]').then($elements => {\n  const pageAttributes = [];\n  $elements.each((index, element) => {\n    const dataCy = element.getAttribute('data-cy');\n    if (dataCy) {\n      pageAttributes.push(dataCy);\n      allDataCyAttributes.add(dataCy);\n    }\n  });\n  pageDataCyMap[page.name] = pageAttributes;\n  cy.log(`${page.name} 发现 ${pageAttributes.length} 个data-cy属性`);\n  // 验证至少有一些data-cy属性\n  if (pageAttributes.length === 0) {\n    cy.log(`⚠️ ${page.name} 没有发现data-cy属性`);\n  }\n});",
                  "err": {},
                  "uuid": "8d861377-a095-440a-b255-7d2f3ca911b0",
                  "parentUUID": "43293ac0-de52-4958-aa54-fc3cefa06786",
                  "isHook": false,
                  "skipped": false
                },
                {
                  "title": "应该验证 出库管理 的data-cy属性",
                  "fullTitle": "🔍 data-cy 属性全面验证测试 📄 页面级data-cy属性验证 应该验证 出库管理 的data-cy属性",
                  "timedOut": null,
                  "duration": 2530,
                  "state": "passed",
                  "speed": "fast",
                  "pass": true,
                  "fail": false,
                  "pending": false,
                  "context": null,
                  "code": "cy.visit(page.path, {\n  failOnStatusCode: false\n});\ncy.wait(2000); // 等待页面加载\n// 收集该页面的所有data-cy属性\ncy.get('[data-cy]').then($elements => {\n  const pageAttributes = [];\n  $elements.each((index, element) => {\n    const dataCy = element.getAttribute('data-cy');\n    if (dataCy) {\n      pageAttributes.push(dataCy);\n      allDataCyAttributes.add(dataCy);\n    }\n  });\n  pageDataCyMap[page.name] = pageAttributes;\n  cy.log(`${page.name} 发现 ${pageAttributes.length} 个data-cy属性`);\n  // 验证至少有一些data-cy属性\n  if (pageAttributes.length === 0) {\n    cy.log(`⚠️ ${page.name} 没有发现data-cy属性`);\n  }\n});",
                  "err": {},
                  "uuid": "f1d7972b-3f39-44f0-be45-f2b08ef29385",
                  "parentUUID": "43293ac0-de52-4958-aa54-fc3cefa06786",
                  "isHook": false,
                  "skipped": false
                },
                {
                  "title": "应该验证 库存盘点 的data-cy属性",
                  "fullTitle": "🔍 data-cy 属性全面验证测试 📄 页面级data-cy属性验证 应该验证 库存盘点 的data-cy属性",
                  "timedOut": null,
                  "duration": 2198,
                  "state": "passed",
                  "speed": "fast",
                  "pass": true,
                  "fail": false,
                  "pending": false,
                  "context": null,
                  "code": "cy.visit(page.path, {\n  failOnStatusCode: false\n});\ncy.wait(2000); // 等待页面加载\n// 收集该页面的所有data-cy属性\ncy.get('[data-cy]').then($elements => {\n  const pageAttributes = [];\n  $elements.each((index, element) => {\n    const dataCy = element.getAttribute('data-cy');\n    if (dataCy) {\n      pageAttributes.push(dataCy);\n      allDataCyAttributes.add(dataCy);\n    }\n  });\n  pageDataCyMap[page.name] = pageAttributes;\n  cy.log(`${page.name} 发现 ${pageAttributes.length} 个data-cy属性`);\n  // 验证至少有一些data-cy属性\n  if (pageAttributes.length === 0) {\n    cy.log(`⚠️ ${page.name} 没有发现data-cy属性`);\n  }\n});",
                  "err": {},
                  "uuid": "0543a2b3-0922-434f-82b6-4c74afd0cd1c",
                  "parentUUID": "43293ac0-de52-4958-aa54-fc3cefa06786",
                  "isHook": false,
                  "skipped": false
                },
                {
                  "title": "应该验证 仓库地图 的data-cy属性",
                  "fullTitle": "🔍 data-cy 属性全面验证测试 📄 页面级data-cy属性验证 应该验证 仓库地图 的data-cy属性",
                  "timedOut": null,
                  "duration": 2191,
                  "state": "passed",
                  "speed": "fast",
                  "pass": true,
                  "fail": false,
                  "pending": false,
                  "context": null,
                  "code": "cy.visit(page.path, {\n  failOnStatusCode: false\n});\ncy.wait(2000); // 等待页面加载\n// 收集该页面的所有data-cy属性\ncy.get('[data-cy]').then($elements => {\n  const pageAttributes = [];\n  $elements.each((index, element) => {\n    const dataCy = element.getAttribute('data-cy');\n    if (dataCy) {\n      pageAttributes.push(dataCy);\n      allDataCyAttributes.add(dataCy);\n    }\n  });\n  pageDataCyMap[page.name] = pageAttributes;\n  cy.log(`${page.name} 发现 ${pageAttributes.length} 个data-cy属性`);\n  // 验证至少有一些data-cy属性\n  if (pageAttributes.length === 0) {\n    cy.log(`⚠️ ${page.name} 没有发现data-cy属性`);\n  }\n});",
                  "err": {},
                  "uuid": "3efb926f-6177-4bf5-84ab-1c976a7dcd56",
                  "parentUUID": "43293ac0-de52-4958-aa54-fc3cefa06786",
                  "isHook": false,
                  "skipped": false
                },
                {
                  "title": "应该验证 功能区管理 的data-cy属性",
                  "fullTitle": "🔍 data-cy 属性全面验证测试 📄 页面级data-cy属性验证 应该验证 功能区管理 的data-cy属性",
                  "timedOut": null,
                  "duration": 2206,
                  "state": "passed",
                  "speed": "fast",
                  "pass": true,
                  "fail": false,
                  "pending": false,
                  "context": null,
                  "code": "cy.visit(page.path, {\n  failOnStatusCode: false\n});\ncy.wait(2000); // 等待页面加载\n// 收集该页面的所有data-cy属性\ncy.get('[data-cy]').then($elements => {\n  const pageAttributes = [];\n  $elements.each((index, element) => {\n    const dataCy = element.getAttribute('data-cy');\n    if (dataCy) {\n      pageAttributes.push(dataCy);\n      allDataCyAttributes.add(dataCy);\n    }\n  });\n  pageDataCyMap[page.name] = pageAttributes;\n  cy.log(`${page.name} 发现 ${pageAttributes.length} 个data-cy属性`);\n  // 验证至少有一些data-cy属性\n  if (pageAttributes.length === 0) {\n    cy.log(`⚠️ ${page.name} 没有发现data-cy属性`);\n  }\n});",
                  "err": {},
                  "uuid": "88bc4f46-fb3e-400e-9562-2aa4186c1661",
                  "parentUUID": "43293ac0-de52-4958-aa54-fc3cefa06786",
                  "isHook": false,
                  "skipped": false
                },
                {
                  "title": "应该验证 用户管理 的data-cy属性",
                  "fullTitle": "🔍 data-cy 属性全面验证测试 📄 页面级data-cy属性验证 应该验证 用户管理 的data-cy属性",
                  "timedOut": null,
                  "duration": 32154,
                  "state": "failed",
                  "speed": null,
                  "pass": false,
                  "fail": true,
                  "pending": false,
                  "context": null,
                  "code": "cy.visit(page.path, {\n  failOnStatusCode: false\n});\ncy.wait(2000); // 等待页面加载\n// 收集该页面的所有data-cy属性\ncy.get('[data-cy]').then($elements => {\n  const pageAttributes = [];\n  $elements.each((index, element) => {\n    const dataCy = element.getAttribute('data-cy');\n    if (dataCy) {\n      pageAttributes.push(dataCy);\n      allDataCyAttributes.add(dataCy);\n    }\n  });\n  pageDataCyMap[page.name] = pageAttributes;\n  cy.log(`${page.name} 发现 ${pageAttributes.length} 个data-cy属性`);\n  // 验证至少有一些data-cy属性\n  if (pageAttributes.length === 0) {\n    cy.log(`⚠️ ${page.name} 没有发现data-cy属性`);\n  }\n});",
                  "err": {
                    "message": "AssertionError: Timed out retrying after 30000ms: Expected to find element: `[data-cy]`, but never found it.",
                    "estack": "AssertionError: Timed out retrying after 30000ms: Expected to find element: `[data-cy]`, but never found it.\n    at Context.eval (webpack:///../tests/cypress/e2e/data-cy-validation-test.cy.js:43:11)",
                    "diff": null
                  },
                  "uuid": "a88ecdd8-504c-4d1a-bf08-79c2f4e57be1",
                  "parentUUID": "43293ac0-de52-4958-aa54-fc3cefa06786",
                  "isHook": false,
                  "skipped": false
                },
                {
                  "title": "应该验证 角色管理 的data-cy属性",
                  "fullTitle": "🔍 data-cy 属性全面验证测试 📄 页面级data-cy属性验证 应该验证 角色管理 的data-cy属性",
                  "timedOut": null,
                  "duration": 171,
                  "state": "failed",
                  "speed": null,
                  "pass": false,
                  "fail": true,
                  "pending": false,
                  "context": null,
                  "code": "cy.visit(page.path, {\n  failOnStatusCode: false\n});\ncy.wait(2000); // 等待页面加载\n// 收集该页面的所有data-cy属性\ncy.get('[data-cy]').then($elements => {\n  const pageAttributes = [];\n  $elements.each((index, element) => {\n    const dataCy = element.getAttribute('data-cy');\n    if (dataCy) {\n      pageAttributes.push(dataCy);\n      allDataCyAttributes.add(dataCy);\n    }\n  });\n  pageDataCyMap[page.name] = pageAttributes;\n  cy.log(`${page.name} 发现 ${pageAttributes.length} 个data-cy属性`);\n  // 验证至少有一些data-cy属性\n  if (pageAttributes.length === 0) {\n    cy.log(`⚠️ ${page.name} 没有发现data-cy属性`);\n  }\n});",
                  "err": {
                    "message": "CypressError: `cy.visit()` failed trying to load:\n\nhttp://localhost:5173/system/roles\n\nThe `content-type` of the response we received from your web server was:\n\n  > `text/plain`\n\nThis was considered a failure because responses must have `content-type: 'text/html'`\n\nHowever, you can likely use `cy.request()` instead of `cy.visit()`.\n\n`cy.request()` will automatically get and set cookies and enable you to parse responses.",
                    "estack": "CypressError: `cy.visit()` failed trying to load:\n\nhttp://localhost:5173/system/roles\n\nThe `content-type` of the response we received from your web server was:\n\n  > `text/plain`\n\nThis was considered a failure because responses must have `content-type: 'text/html'`\n\nHowever, you can likely use `cy.request()` instead of `cy.visit()`.\n\n`cy.request()` will automatically get and set cookies and enable you to parse responses.\n    at <unknown> (http://localhost:5173/__cypress/runner/cypress_runner.js:135141:76)\n    at visitFailedByErr (http://localhost:5173/__cypress/runner/cypress_runner.js:134731:12)\n    at <unknown> (http://localhost:5173/__cypress/runner/cypress_runner.js:135124:13)\n    at tryCatcher (http://localhost:5173/__cypress/runner/cypress_runner.js:1777:23)\n    at Promise._settlePromiseFromHandler (http://localhost:5173/__cypress/runner/cypress_runner.js:1489:31)\n    at Promise._settlePromise (http://localhost:5173/__cypress/runner/cypress_runner.js:1546:18)\n    at Promise._settlePromise0 (http://localhost:5173/__cypress/runner/cypress_runner.js:1591:10)\n    at Promise._settlePromises (http://localhost:5173/__cypress/runner/cypress_runner.js:1667:18)\n    at _drainQueueStep (http://localhost:5173/__cypress/runner/cypress_runner.js:2377:12)\n    at _drainQueue (http://localhost:5173/__cypress/runner/cypress_runner.js:2370:9)\n    at Async._drainQueues (http://localhost:5173/__cypress/runner/cypress_runner.js:2386:5)\n    at Async.drainQueues (http://localhost:5173/__cypress/runner/cypress_runner.js:2256:14)\nFrom Your Spec Code:\n    at Context.eval (webpack:///../tests/cypress/e2e/data-cy-validation-test.cy.js:39:11)",
                    "diff": null
                  },
                  "uuid": "ec3ce082-d7b0-433c-8a11-5ebe99f13b7f",
                  "parentUUID": "43293ac0-de52-4958-aa54-fc3cefa06786",
                  "isHook": false,
                  "skipped": false
                },
                {
                  "title": "应该验证 设备列表 的data-cy属性",
                  "fullTitle": "🔍 data-cy 属性全面验证测试 📄 页面级data-cy属性验证 应该验证 设备列表 的data-cy属性",
                  "timedOut": null,
                  "duration": 2631,
                  "state": "passed",
                  "speed": "fast",
                  "pass": true,
                  "fail": false,
                  "pending": false,
                  "context": null,
                  "code": "cy.visit(page.path, {\n  failOnStatusCode: false\n});\ncy.wait(2000); // 等待页面加载\n// 收集该页面的所有data-cy属性\ncy.get('[data-cy]').then($elements => {\n  const pageAttributes = [];\n  $elements.each((index, element) => {\n    const dataCy = element.getAttribute('data-cy');\n    if (dataCy) {\n      pageAttributes.push(dataCy);\n      allDataCyAttributes.add(dataCy);\n    }\n  });\n  pageDataCyMap[page.name] = pageAttributes;\n  cy.log(`${page.name} 发现 ${pageAttributes.length} 个data-cy属性`);\n  // 验证至少有一些data-cy属性\n  if (pageAttributes.length === 0) {\n    cy.log(`⚠️ ${page.name} 没有发现data-cy属性`);\n  }\n});",
                  "err": {},
                  "uuid": "0b52d84f-9c7a-4193-ac54-431168f8f265",
                  "parentUUID": "43293ac0-de52-4958-aa54-fc3cefa06786",
                  "isHook": false,
                  "skipped": false
                }
              ],
              "suites": [],
              "passes": [
                "918dd38f-4a07-4dda-96c0-f6d2195a2eeb",
                "4bef35af-8a76-4377-917b-25cd6d6993ab",
                "8d861377-a095-440a-b255-7d2f3ca911b0",
                "f1d7972b-3f39-44f0-be45-f2b08ef29385",
                "0543a2b3-0922-434f-82b6-4c74afd0cd1c",
                "3efb926f-6177-4bf5-84ab-1c976a7dcd56",
                "88bc4f46-fb3e-400e-9562-2aa4186c1661",
                "0b52d84f-9c7a-4193-ac54-431168f8f265"
              ],
              "failures": [
                "a88ecdd8-504c-4d1a-bf08-79c2f4e57be1",
                "ec3ce082-d7b0-433c-8a11-5ebe99f13b7f"
              ],
              "pending": [],
              "skipped": [],
              "duration": 52007,
              "root": false,
              "rootEmpty": false,
              "_timeout": 2000
            },
            {
              "uuid": "cd399419-b140-4577-a11d-eae8fde32d6f",
              "title": "🔐 登录页面详细验证",
              "fullFile": "",
              "file": "",
              "beforeHooks": [],
              "afterHooks": [],
              "tests": [
                {
                  "title": "应该验证登录页面所有data-cy元素可见性",
                  "fullTitle": "🔍 data-cy 属性全面验证测试 🔐 登录页面详细验证 应该验证登录页面所有data-cy元素可见性",
                  "timedOut": null,
                  "duration": 1313,
                  "state": "passed",
                  "speed": "fast",
                  "pass": true,
                  "fail": false,
                  "pending": false,
                  "context": null,
                  "code": "const loginElements = [{\n  selector: 'login-page',\n  name: '登录页面容器'\n}, {\n  selector: 'login-form',\n  name: '登录表单'\n}, {\n  selector: 'login-username-form-item',\n  name: '用户名字段'\n}, {\n  selector: 'login-username-input',\n  name: '用户名输入框'\n}, {\n  selector: 'login-password-form-item',\n  name: '密码字段'\n}, {\n  selector: 'login-password-input',\n  name: '密码输入框'\n}, {\n  selector: 'login-remember-checkbox',\n  name: '记住我复选框'\n}, {\n  selector: 'login-submit-button',\n  name: '登录按钮'\n}];\nloginElements.forEach(el => {\n  cy.get(`[data-cy=\"${el.selector}\"]`).should('exist').and('be.visible');\n  cy.log(`✅ ${el.name} (${el.selector}) 验证通过`);\n});",
                  "err": {},
                  "uuid": "2d156a6a-1b83-4653-a787-93e75942a3d2",
                  "parentUUID": "cd399419-b140-4577-a11d-eae8fde32d6f",
                  "isHook": false,
                  "skipped": false
                },
                {
                  "title": "应该验证登录表单交互功能",
                  "fullTitle": "🔍 data-cy 属性全面验证测试 🔐 登录页面详细验证 应该验证登录表单交互功能",
                  "timedOut": null,
                  "duration": 31437,
                  "state": "failed",
                  "speed": null,
                  "pass": false,
                  "fail": true,
                  "pending": false,
                  "context": null,
                  "code": "// 输入用户名\ncy.get('[data-cy=\"login-username-input\"]').type('testuser').should('have.value', 'testuser');\n// 输入密码\ncy.get('[data-cy=\"login-password-input\"]').type('testpassword').should('have.value', 'testpassword');\n// 点击记住我\ncy.get('[data-cy=\"login-remember-checkbox\"]').click();",
                  "err": {
                    "message": "AssertionError: Timed out retrying after 30000ms: expected '<input#el-id-4911-6.el-input__inner>' to have value 'testuser', but the value was 'admintestuser'",
                    "estack": "AssertionError: Timed out retrying after 30000ms: expected '<input#el-id-4911-6.el-input__inner>' to have value 'testuser', but the value was 'admintestuser'\n    at Context.eval (webpack:///../tests/cypress/e2e/data-cy-validation-test.cy.js:94:9)",
                    "diff": "- 'admintestuser'\n+ 'testuser'\n"
                  },
                  "uuid": "2052a83d-f787-4ef1-98f0-0b52bf1a09b6",
                  "parentUUID": "cd399419-b140-4577-a11d-eae8fde32d6f",
                  "isHook": false,
                  "skipped": false
                },
                {
                  "title": "应该验证登录按钮状态",
                  "fullTitle": "🔍 data-cy 属性全面验证测试 🔐 登录页面详细验证 应该验证登录按钮状态",
                  "timedOut": null,
                  "duration": 1271,
                  "state": "passed",
                  "speed": "fast",
                  "pass": true,
                  "fail": false,
                  "pending": false,
                  "context": null,
                  "code": "cy.get('[data-cy=\"login-submit-button\"]').should('be.visible').and('not.be.disabled').and('contain', '登录');",
                  "err": {},
                  "uuid": "e5f5bad0-9324-4b3f-a711-b5b8dd80271d",
                  "parentUUID": "cd399419-b140-4577-a11d-eae8fde32d6f",
                  "isHook": false,
                  "skipped": false
                }
              ],
              "suites": [],
              "passes": [
                "2d156a6a-1b83-4653-a787-93e75942a3d2",
                "e5f5bad0-9324-4b3f-a711-b5b8dd80271d"
              ],
              "failures": [
                "2052a83d-f787-4ef1-98f0-0b52bf1a09b6"
              ],
              "pending": [],
              "skipped": [],
              "duration": 34021,
              "root": false,
              "rootEmpty": false,
              "_timeout": 2000
            },
            {
              "uuid": "520efe14-e624-4779-9285-97c37e11a3a5",
              "title": "📊 data-cy命名规范验证",
              "fullFile": "",
              "file": "",
              "beforeHooks": [],
              "afterHooks": [],
              "tests": [
                {
                  "title": "应该验证所有data-cy属性符合命名规范",
                  "fullTitle": "🔍 data-cy 属性全面验证测试 📊 data-cy命名规范验证 应该验证所有data-cy属性符合命名规范",
                  "timedOut": null,
                  "duration": 1301,
                  "state": "passed",
                  "speed": "fast",
                  "pass": true,
                  "fail": false,
                  "pending": false,
                  "context": null,
                  "code": "cy.visit('/login');\ncy.wait(1000);\ncy.get('[data-cy]').then($elements => {\n  const violations = [];\n  $elements.each((index, element) => {\n    const dataCy = element.getAttribute('data-cy');\n    if (dataCy) {\n      // 检查是否包含大写字母或空格\n      if (/[A-Z]/.test(dataCy)) {\n        violations.push({\n          attr: dataCy,\n          issue: '包含大写字母'\n        });\n      }\n      if (/\\s/.test(dataCy)) {\n        violations.push({\n          attr: dataCy,\n          issue: '包含空格'\n        });\n      }\n      // 检查是否使用连字符\n      if (!dataCy.includes('-')) {\n        violations.push({\n          attr: dataCy,\n          issue: '未使用连字符分隔'\n        });\n      }\n    }\n  });\n  if (violations.length > 0) {\n    cy.log('⚠️ 发现命名规范违规:');\n    violations.forEach(v => cy.log(`  - ${v.attr}: ${v.issue}`));\n  } else {\n    cy.log('✅ 所有data-cy属性符合命名规范');\n  }\n  expect(violations).to.have.length(0);\n});",
                  "err": {},
                  "uuid": "350c14d7-e39b-4685-bfe2-ae657e802b3e",
                  "parentUUID": "520efe14-e624-4779-9285-97c37e11a3a5",
                  "isHook": false,
                  "skipped": false
                }
              ],
              "suites": [],
              "passes": [
                "350c14d7-e39b-4685-bfe2-ae657e802b3e"
              ],
              "failures": [],
              "pending": [],
              "skipped": [],
              "duration": 1301,
              "root": false,
              "rootEmpty": false,
              "_timeout": 2000
            },
            {
              "uuid": "bf09934b-b9e5-4aa2-8498-f5e12822f472",
              "title": "🔍 data-cy属性唯一性验证",
              "fullFile": "",
              "file": "",
              "beforeHooks": [],
              "afterHooks": [],
              "tests": [
                {
                  "title": "应该在每个页面内验证data-cy属性唯一性",
                  "fullTitle": "🔍 data-cy 属性全面验证测试 🔍 data-cy属性唯一性验证 应该在每个页面内验证data-cy属性唯一性",
                  "timedOut": null,
                  "duration": 3494,
                  "state": "passed",
                  "speed": "fast",
                  "pass": true,
                  "fail": false,
                  "pending": false,
                  "context": null,
                  "code": "const pagesToCheck = ['/login', '/warehouse/zone'];\npagesToCheck.forEach(page => {\n  cy.visit(page, {\n    failOnStatusCode: false\n  });\n  cy.wait(1500);\n  cy.get('[data-cy]').then($elements => {\n    const dataCyValues = [];\n    $elements.each((index, element) => {\n      dataCyValues.push(element.getAttribute('data-cy'));\n    });\n    // 检查重复\n    const duplicates = dataCyValues.filter((item, index) => dataCyValues.indexOf(item) !== index);\n    if (duplicates.length > 0) {\n      cy.log(`⚠️ ${page} 发现重复的data-cy属性: ${[...new Set(duplicates)].join(', ')}`);\n    } else {\n      cy.log(`✅ ${page} 所有data-cy属性唯一`);\n    }\n    expect([...new Set(duplicates)]).to.have.length(0);\n  });\n});",
                  "err": {},
                  "uuid": "d98b6c29-2f99-4ada-9c29-d206a91568ad",
                  "parentUUID": "bf09934b-b9e5-4aa2-8498-f5e12822f472",
                  "isHook": false,
                  "skipped": false
                }
              ],
              "suites": [],
              "passes": [
                "d98b6c29-2f99-4ada-9c29-d206a91568ad"
              ],
              "failures": [],
              "pending": [],
              "skipped": [],
              "duration": 3494,
              "root": false,
              "rootEmpty": false,
              "_timeout": 2000
            },
            {
              "uuid": "4b2a4acb-5dc2-4c30-9adc-c6a16e97a9f9",
              "title": "📦 组件级data-cy属性验证",
              "fullFile": "",
              "file": "",
              "beforeHooks": [],
              "afterHooks": [],
              "tests": [
                {
                  "title": "应该验证仓库管理页面的data-cy属性",
                  "fullTitle": "🔍 data-cy 属性全面验证测试 📦 组件级data-cy属性验证 应该验证仓库管理页面的data-cy属性",
                  "timedOut": null,
                  "duration": 1708,
                  "state": "passed",
                  "speed": "fast",
                  "pass": true,
                  "fail": false,
                  "pending": false,
                  "context": null,
                  "code": "cy.visit('/warehouse/zone', {\n  failOnStatusCode: false\n});\ncy.wait(1500);\nconst expectedElements = ['warehouse-zone-page', 'warehouse-zone-add-btn', 'zone-table', 'warehouse-zone-pagination'];\nexpectedElements.forEach(selector => {\n  cy.get('body').then($body => {\n    if ($body.find(`[data-cy=\"${selector}\"]`).length > 0) {\n      cy.get(`[data-cy=\"${selector}\"]`).should('exist');\n      cy.log(`✅ ${selector} 存在`);\n    } else {\n      cy.log(`⚠️ ${selector} 不存在`);\n    }\n  });\n});",
                  "err": {},
                  "uuid": "e7c8e85e-e6cb-4316-882e-c4d6dcd662d9",
                  "parentUUID": "4b2a4acb-5dc2-4c30-9adc-c6a16e97a9f9",
                  "isHook": false,
                  "skipped": false
                },
                {
                  "title": "应该验证出入库管理页面的data-cy属性",
                  "fullTitle": "🔍 data-cy 属性全面验证测试 📦 组件级data-cy属性验证 应该验证出入库管理页面的data-cy属性",
                  "timedOut": null,
                  "duration": 1770,
                  "state": "passed",
                  "speed": "fast",
                  "pass": true,
                  "fail": false,
                  "pending": false,
                  "context": null,
                  "code": "cy.visit('/inventory-management/inbound', {\n  failOnStatusCode: false\n});\ncy.wait(1500);\n// 验证表格相关data-cy\nconst tableElements = ['inbound-selection-column', 'inbound-order-no-column', 'inbound-type-column', 'inbound-status-column', 'inbound-actions-column'];\ntableElements.forEach(selector => {\n  cy.get('body').then($body => {\n    if ($body.find(`[data-cy=\"${selector}\"]`).length > 0) {\n      cy.log(`✅ ${selector} 存在`);\n    }\n  });\n});",
                  "err": {},
                  "uuid": "0ff30bbc-33f6-4b45-bd3b-81a91d856440",
                  "parentUUID": "4b2a4acb-5dc2-4c30-9adc-c6a16e97a9f9",
                  "isHook": false,
                  "skipped": false
                }
              ],
              "suites": [],
              "passes": [
                "e7c8e85e-e6cb-4316-882e-c4d6dcd662d9",
                "0ff30bbc-33f6-4b45-bd3b-81a91d856440"
              ],
              "failures": [],
              "pending": [],
              "skipped": [],
              "duration": 3478,
              "root": false,
              "rootEmpty": false,
              "_timeout": 2000
            },
            {
              "uuid": "40a309b0-fea5-41b2-b189-424ca43eacfb",
              "title": "🎯 关键交互元素验证",
              "fullFile": "",
              "file": "",
              "beforeHooks": [],
              "afterHooks": [],
              "tests": [
                {
                  "title": "应该验证所有按钮元素可点击",
                  "fullTitle": "🔍 data-cy 属性全面验证测试 🎯 关键交互元素验证 应该验证所有按钮元素可点击",
                  "timedOut": null,
                  "duration": 31394,
                  "state": "failed",
                  "speed": null,
                  "pass": false,
                  "fail": true,
                  "pending": false,
                  "context": null,
                  "code": "cy.visit('/login');\ncy.wait(1000);\ncy.get('[data-cy$=\"-btn\"]').each($btn => {\n  cy.wrap($btn).should('not.be.disabled');\n});",
                  "err": {
                    "message": "AssertionError: Timed out retrying after 30000ms: Expected to find element: `[data-cy$=\"-btn\"]`, but never found it.",
                    "estack": "AssertionError: Timed out retrying after 30000ms: Expected to find element: `[data-cy$=\"-btn\"]`, but never found it.\n    at Context.eval (webpack:///../tests/cypress/e2e/data-cy-validation-test.cy.js:253:9)",
                    "diff": null
                  },
                  "uuid": "1215c5a8-e373-4012-8c5e-584b4b462be2",
                  "parentUUID": "40a309b0-fea5-41b2-b189-424ca43eacfb",
                  "isHook": false,
                  "skipped": false
                },
                {
                  "title": "应该验证所有输入框元素可输入",
                  "fullTitle": "🔍 data-cy 属性全面验证测试 🎯 关键交互元素验证 应该验证所有输入框元素可输入",
                  "timedOut": null,
                  "duration": 1319,
                  "state": "passed",
                  "speed": "fast",
                  "pass": true,
                  "fail": false,
                  "pending": false,
                  "context": null,
                  "code": "cy.visit('/login');\ncy.wait(1000);\ncy.get('[data-cy$=\"-input\"]').each($input => {\n  cy.wrap($input).should('not.be.disabled');\n});",
                  "err": {},
                  "uuid": "826315c2-f895-4d4e-97b8-f184a7f1745b",
                  "parentUUID": "40a309b0-fea5-41b2-b189-424ca43eacfb",
                  "isHook": false,
                  "skipped": false
                }
              ],
              "suites": [],
              "passes": [
                "826315c2-f895-4d4e-97b8-f184a7f1745b"
              ],
              "failures": [
                "1215c5a8-e373-4012-8c5e-584b4b462be2"
              ],
              "pending": [],
              "skipped": [],
              "duration": 32713,
              "root": false,
              "rootEmpty": false,
              "_timeout": 2000
            },
            {
              "uuid": "0cee9dd7-5cb1-43e2-bde8-35cff1283a97",
              "title": "📈 测试报告生成",
              "fullFile": "",
              "file": "",
              "beforeHooks": [],
              "afterHooks": [],
              "tests": [
                {
                  "title": "应该生成data-cy属性覆盖率报告",
                  "fullTitle": "🔍 data-cy 属性全面验证测试 📈 测试报告生成 应该生成data-cy属性覆盖率报告",
                  "timedOut": null,
                  "duration": 42,
                  "state": "passed",
                  "speed": "fast",
                  "pass": true,
                  "fail": false,
                  "pending": false,
                  "context": null,
                  "code": "const results = {\n  timestamp: new Date().toISOString(),\n  pages: pageDataCyMap,\n  totalAttributes: allDataCyAttributes.size,\n  summary: {}\n};\n// 统计每个页面的属性数量\nObject.keys(pageDataCyMap).forEach(page => {\n  results.summary[page] = pageDataCyMap[page].length;\n});\ncy.log('════════════════════════════════════════════════════════════');\ncy.log('📊 data-cy属性验证报告');\ncy.log('════════════════════════════════════════════════════════════');\ncy.log(`总计发现 ${results.totalAttributes} 个唯一的data-cy属性`);\ncy.log('');\ncy.log('各页面统计:');\nObject.keys(results.summary).forEach(page => {\n  cy.log(`  ${page}: ${results.summary[page]} 个属性`);\n});\ncy.log('════════════════════════════════════════════════════════════');\n// 将结果写入文件\ncy.writeFile('tests/cypress/reports/data-cy-validation-report.json', results);",
                  "err": {},
                  "uuid": "e0f8cbbe-e3ff-4654-a651-d52f243fbaae",
                  "parentUUID": "0cee9dd7-5cb1-43e2-bde8-35cff1283a97",
                  "isHook": false,
                  "skipped": false
                }
              ],
              "suites": [],
              "passes": [
                "e0f8cbbe-e3ff-4654-a651-d52f243fbaae"
              ],
              "failures": [],
              "pending": [],
              "skipped": [],
              "duration": 42,
              "root": false,
              "rootEmpty": false,
              "_timeout": 2000
            }
          ],
          "passes": [],
          "failures": [],
          "pending": [],
          "skipped": [],
          "duration": 0,
          "root": false,
          "rootEmpty": false,
          "_timeout": 2000
        }
      ],
      "passes": [],
      "failures": [],
      "pending": [],
      "skipped": [],
      "duration": 0,
      "root": true,
      "rootEmpty": true,
      "_timeout": 2000
    }
  ],
  "meta": {
    "mocha": {
      "version": "7.2.0"
    },
    "mochawesome": {
      "options": {
        "quiet": false,
        "reportFilename": "mochawesome",
        "saveHtml": false,
        "saveJson": true,
        "consoleReporter": "spec",
        "useInlineDiffs": false,
        "code": true
      },
      "version": "7.1.4"
    },
    "marge": {
      "options": {
        "charts": true,
        "reportPageTitle": "WMS E2E Test Report",
        "embeddedScreenshots": true,
        "inlineAssets": true,
        "saveAllAttempts": false,
        "reportDir": "tests\\cypress\\reports\\.jsons",
        "overwrite": false,
        "html": false,
        "json": true
      },
      "version": "6.3.2"
    }
  }
}