{
  "stats": {
    "suites": 2,
    "tests": 1,
    "passes": 0,
    "pending": 0,
    "failures": 1,
    "start": "2026-02-26T13:29:58.177Z",
    "end": "2026-02-26T13:30:53.899Z",
    "duration": 55722,
    "testsRegistered": 17,
    "passPercent": 0,
    "pendingPercent": 0,
    "other": 0,
    "hasOther": false,
    "skipped": 16,
    "hasSkipped": true
  },
  "results": [
    {
      "uuid": "dc3e36f3-e02a-40ce-8eda-624c015866fd",
      "title": "",
      "fullFile": "tests\\cypress\\e2e\\boundary-and-exception-tests.cy.js",
      "file": "tests\\cypress\\e2e\\boundary-and-exception-tests.cy.js",
      "beforeHooks": [],
      "afterHooks": [],
      "tests": [],
      "suites": [
        {
          "uuid": "5e2953cd-ed5d-4726-8961-10f1cbf4a49f",
          "title": "仓库管理系统边界条件和异常场景测试",
          "fullFile": "",
          "file": "",
          "beforeHooks": [],
          "afterHooks": [],
          "tests": [],
          "suites": [
            {
              "uuid": "ba2c93a5-024f-4457-8819-46dc2664ef50",
              "title": "【边界条件测试】数据量边界测试",
              "fullFile": "",
              "file": "",
              "beforeHooks": [],
              "afterHooks": [],
              "tests": [
                {
                  "title": "TC-BOUNDARY-001: 验证空数据列表显示",
                  "fullTitle": "仓库管理系统边界条件和异常场景测试 【边界条件测试】数据量边界测试 TC-BOUNDARY-001: 验证空数据列表显示",
                  "timedOut": null,
                  "duration": 19776,
                  "state": "failed",
                  "speed": null,
                  "pass": false,
                  "fail": true,
                  "pending": false,
                  "context": null,
                  "code": "cy.visit('/inventory-management/inbound');\ncy.get('input[placeholder*=\"单号\"]', {\n  timeout: 30000\n}).type('NONEXISTENT_ORDER_99999');\ncy.get('[data-cy=\"search-btn\"], button:contains(\"搜索\"), button:contains(\"查询\")').first().click();\ncy.wait(3000);\ncy.get('.el-empty, .el-table__empty-text, .no-data, .empty-state', {\n  timeout: 10000\n}).should('be.visible');",
                  "err": {
                    "message": "AssertionError: Timed out retrying after 15000ms: expected 'http://localhost:5173/login' to not include '/login'\n\nThis error occurred while creating the session. Because the session setup failed, we failed the test.\n\nBecause this error occurred during a `before each` hook we are skipping the remaining tests in the current suite: `仓库管理系统边界条件和异常场景测试`",
                    "estack": "AssertionError: Timed out retrying after 15000ms: expected 'http://localhost:5173/login' to not include '/login'\n\nThis error occurred while creating the session. Because the session setup failed, we failed the test.\n\nBecause this error occurred during a `before each` hook we are skipping the remaining tests in the current suite: `仓库管理系统边界条件和异常场景测试`\n    at performLogin (webpack:///../tests/cypress/support/commands.js:38:29)\n    at Object.eval [as setup] (webpack:///../tests/cypress/support/commands.js:12:6)\n    at Context.<anonymous> (http://localhost:5173/__cypress/runner/cypress_runner.js:136668:38)\n    at getRet (http://localhost:5173/__cypress/runner/cypress_runner.js:122807:20)\n    at tryCatcher (http://localhost:5173/__cypress/runner/cypress_runner.js:1777:23)\n    at Promise.attempt.Promise.try (http://localhost:5173/__cypress/runner/cypress_runner.js:4285:29)\n    at Context.thenFn (http://localhost:5173/__cypress/runner/cypress_runner.js:122818:66)\n    at Context.then (http://localhost:5173/__cypress/runner/cypress_runner.js:123069:21)\n    at wrapped (http://localhost:5173/__cypress/runner/cypress_runner.js:146327:19)",
                    "diff": null
                  },
                  "uuid": "a6e25550-8060-4c5a-80bf-703824b31d64",
                  "parentUUID": "ba2c93a5-024f-4457-8819-46dc2664ef50",
                  "isHook": false,
                  "skipped": false
                },
                {
                  "title": "TC-BOUNDARY-002: 验证超长文本输入处理",
                  "fullTitle": "仓库管理系统边界条件和异常场景测试 【边界条件测试】数据量边界测试 TC-BOUNDARY-002: 验证超长文本输入处理",
                  "timedOut": null,
                  "duration": 0,
                  "state": "skipped",
                  "speed": null,
                  "pass": false,
                  "fail": false,
                  "pending": false,
                  "context": null,
                  "code": "cy.visit('/inventory-management/inbound');\nconst longText = 'A'.repeat(500);\ncy.get('input[placeholder*=\"单号\"]', {\n  timeout: 30000\n}).type(longText);\ncy.get('[data-cy=\"search-btn\"], button:contains(\"搜索\"), button:contains(\"查询\")').first().click();\ncy.wait(3000);\ncy.get('.el-message--error, .el-message--warning, .error-message', {\n  timeout: 10000\n}).should('be.visible');",
                  "err": {},
                  "uuid": "a4cfa6c6-a0f7-4747-8f78-2f5ed0738171",
                  "parentUUID": "ba2c93a5-024f-4457-8819-46dc2664ef50",
                  "isHook": false,
                  "skipped": true
                },
                {
                  "title": "TC-BOUNDARY-003: 验证特殊字符输入处理",
                  "fullTitle": "仓库管理系统边界条件和异常场景测试 【边界条件测试】数据量边界测试 TC-BOUNDARY-003: 验证特殊字符输入处理",
                  "timedOut": null,
                  "duration": 0,
                  "state": "skipped",
                  "speed": null,
                  "pass": false,
                  "fail": false,
                  "pending": false,
                  "context": null,
                  "code": "cy.visit('/inventory-management/inbound');\nconst specialChars = '<script>alert(\"test\")</script>';\ncy.get('input[placeholder*=\"单号\"]', {\n  timeout: 30000\n}).type(specialChars);\ncy.get('[data-cy=\"search-btn\"], button:contains(\"搜索\"), button:contains(\"查询\")').first().click();\ncy.wait(3000);\ncy.get('.el-message--error, .el-message--warning', {\n  timeout: 10000\n}).should('be.visible');",
                  "err": {},
                  "uuid": "811dffae-de54-49b0-aa2a-7ae67bb6de49",
                  "parentUUID": "ba2c93a5-024f-4457-8819-46dc2664ef50",
                  "isHook": false,
                  "skipped": true
                },
                {
                  "title": "TC-BOUNDARY-004: 验证分页边界 - 最后一页",
                  "fullTitle": "仓库管理系统边界条件和异常场景测试 【边界条件测试】数据量边界测试 TC-BOUNDARY-004: 验证分页边界 - 最后一页",
                  "timedOut": null,
                  "duration": 0,
                  "state": "skipped",
                  "speed": null,
                  "pass": false,
                  "fail": false,
                  "pending": false,
                  "context": null,
                  "code": "cy.visit('/asset-management/device-list');\ncy.wait(5000);\ncy.get('.el-pagination__total, .pagination-total', {\n  timeout: 30000\n}).invoke('text').then(text => {\n  const total = parseInt(text.replace(/\\D/g, '')) || 0;\n  if (total > 10) {\n    cy.get('.el-pager li:last-child, .pagination-last').click({\n      force: true\n    });\n    cy.wait(3000);\n    cy.get('.el-table, table').should('be.visible');\n  }\n});",
                  "err": {},
                  "uuid": "e2799e77-79d9-44df-a39a-bb97c5df2dfc",
                  "parentUUID": "ba2c93a5-024f-4457-8819-46dc2664ef50",
                  "isHook": false,
                  "skipped": true
                }
              ],
              "suites": [],
              "passes": [],
              "failures": [
                "a6e25550-8060-4c5a-80bf-703824b31d64"
              ],
              "pending": [],
              "skipped": [
                "a4cfa6c6-a0f7-4747-8f78-2f5ed0738171",
                "811dffae-de54-49b0-aa2a-7ae67bb6de49",
                "e2799e77-79d9-44df-a39a-bb97c5df2dfc"
              ],
              "duration": 19776,
              "root": false,
              "rootEmpty": false,
              "_timeout": 2000
            },
            {
              "uuid": "8eeeb6c9-f3bb-43da-b313-4c12b696fa7a",
              "title": "【异常场景测试】网络异常处理",
              "fullFile": "",
              "file": "",
              "beforeHooks": [],
              "afterHooks": [],
              "tests": [
                {
                  "title": "TC-EXCEPTION-001: 验证网络断开时的错误提示",
                  "fullTitle": "仓库管理系统边界条件和异常场景测试 【异常场景测试】网络异常处理 TC-EXCEPTION-001: 验证网络断开时的错误提示",
                  "timedOut": null,
                  "duration": 0,
                  "state": "skipped",
                  "speed": null,
                  "pass": false,
                  "fail": false,
                  "pending": false,
                  "context": null,
                  "code": "cy.intercept('GET', '/api/**', {\n  forceNetworkError: true\n}).as('networkError');\ncy.visit('/inventory-management/inbound');\ncy.wait(5000);\ncy.get('.el-message--error, .error-message, .network-error', {\n  timeout: 15000\n}).should('be.visible');",
                  "err": {},
                  "uuid": "f3f2934f-2e37-4ab1-af9a-12c1f88788c9",
                  "parentUUID": null,
                  "isHook": false,
                  "skipped": true
                },
                {
                  "title": "TC-EXCEPTION-002: 验证API超时处理",
                  "fullTitle": "仓库管理系统边界条件和异常场景测试 【异常场景测试】网络异常处理 TC-EXCEPTION-002: 验证API超时处理",
                  "timedOut": null,
                  "duration": 0,
                  "state": "skipped",
                  "speed": null,
                  "pass": false,
                  "fail": false,
                  "pending": false,
                  "context": null,
                  "code": "cy.intercept('GET', '/api/**', req => {\n  req.reply(res => {\n    res.delay = 60000;\n  });\n}).as('apiTimeout');\ncy.visit('/inventory-management/inbound', {\n  timeout: 70000\n});\ncy.wait(5000);\ncy.get('.el-loading-mask').should('be.visible');",
                  "err": {},
                  "uuid": "cb45419b-64b7-4f44-b961-dd62988030e0",
                  "parentUUID": null,
                  "isHook": false,
                  "skipped": true
                },
                {
                  "title": "TC-EXCEPTION-003: 验证服务器错误响应处理",
                  "fullTitle": "仓库管理系统边界条件和异常场景测试 【异常场景测试】网络异常处理 TC-EXCEPTION-003: 验证服务器错误响应处理",
                  "timedOut": null,
                  "duration": 0,
                  "state": "skipped",
                  "speed": null,
                  "pass": false,
                  "fail": false,
                  "pending": false,
                  "context": null,
                  "code": "cy.intercept('GET', '/api/**', {\n  statusCode: 500,\n  body: {\n    message: 'Internal Server Error'\n  }\n}).as('serverError');\ncy.visit('/inventory-management/inbound');\ncy.wait(5000);\ncy.get('.el-message--error, .error-message', {\n  timeout: 15000\n}).should('be.visible');",
                  "err": {},
                  "uuid": "e5c930cd-80cf-4b28-b3bf-7db73e90f0ba",
                  "parentUUID": null,
                  "isHook": false,
                  "skipped": true
                },
                {
                  "title": "TC-EXCEPTION-004: 验证401未授权响应处理",
                  "fullTitle": "仓库管理系统边界条件和异常场景测试 【异常场景测试】网络异常处理 TC-EXCEPTION-004: 验证401未授权响应处理",
                  "timedOut": null,
                  "duration": 0,
                  "state": "skipped",
                  "speed": null,
                  "pass": false,
                  "fail": false,
                  "pending": false,
                  "context": null,
                  "code": "cy.intercept('GET', '/api/**', {\n  statusCode: 401,\n  body: {\n    message: 'Unauthorized'\n  }\n}).as('unauthorized');\ncy.visit('/inventory-management/inbound');\ncy.wait(5000);\ncy.url().should('include', '/login');",
                  "err": {},
                  "uuid": "b85f32fe-d39c-4f51-98d1-d9985540d2cf",
                  "parentUUID": null,
                  "isHook": false,
                  "skipped": true
                }
              ],
              "suites": [],
              "passes": [],
              "failures": [],
              "pending": [],
              "skipped": [
                "f3f2934f-2e37-4ab1-af9a-12c1f88788c9",
                "cb45419b-64b7-4f44-b961-dd62988030e0",
                "e5c930cd-80cf-4b28-b3bf-7db73e90f0ba",
                "b85f32fe-d39c-4f51-98d1-d9985540d2cf"
              ],
              "duration": 0,
              "root": false,
              "rootEmpty": false,
              "_timeout": 2000
            },
            {
              "uuid": "dbfb27c4-36f3-495d-91d3-d6350f4f0f48",
              "title": "【异常场景测试】表单验证",
              "fullFile": "",
              "file": "",
              "beforeHooks": [],
              "afterHooks": [],
              "tests": [
                {
                  "title": "TC-FORM-001: 验证必填字段为空时的错误提示",
                  "fullTitle": "仓库管理系统边界条件和异常场景测试 【异常场景测试】表单验证 TC-FORM-001: 验证必填字段为空时的错误提示",
                  "timedOut": null,
                  "duration": 0,
                  "state": "skipped",
                  "speed": null,
                  "pass": false,
                  "fail": false,
                  "pending": false,
                  "context": null,
                  "code": "cy.visit('/inventory-management/inbound');\ncy.get('[data-cy=\"inbound-create-btn\"], button:contains(\"新增\")').first().click();\ncy.wait(2000);\ncy.get('.el-dialog, .el-drawer', {\n  timeout: 10000\n}).should('be.visible');\ncy.get('[data-cy=\"submit-btn\"], button:contains(\"提交\"), button:contains(\"保存\")').last().click();\ncy.get('.el-form-item__error, .error-message', {\n  timeout: 5000\n}).should('be.visible');",
                  "err": {},
                  "uuid": "2b13d6dd-d010-49de-9418-ab68cc2058c6",
                  "parentUUID": null,
                  "isHook": false,
                  "skipped": true
                },
                {
                  "title": "TC-FORM-002: 验证数值输入边界",
                  "fullTitle": "仓库管理系统边界条件和异常场景测试 【异常场景测试】表单验证 TC-FORM-002: 验证数值输入边界",
                  "timedOut": null,
                  "duration": 0,
                  "state": "skipped",
                  "speed": null,
                  "pass": false,
                  "fail": false,
                  "pending": false,
                  "context": null,
                  "code": "cy.visit('/inventory-management/inbound');\ncy.get('[data-cy=\"inbound-create-btn\"], button:contains(\"新增\")').first().click();\ncy.wait(2000);\ncy.get('.el-dialog, .el-drawer', {\n  timeout: 10000\n}).should('be.visible');\ncy.get('input[type=\"number\"]').each($input => {\n  cy.wrap($input).clear().type('-1');\n  cy.wrap($input).blur();\n});",
                  "err": {},
                  "uuid": "1f4a4d43-3621-4e7e-a9f8-c33b277a0a2a",
                  "parentUUID": null,
                  "isHook": false,
                  "skipped": true
                },
                {
                  "title": "TC-FORM-003: 验证日期选择边界",
                  "fullTitle": "仓库管理系统边界条件和异常场景测试 【异常场景测试】表单验证 TC-FORM-003: 验证日期选择边界",
                  "timedOut": null,
                  "duration": 0,
                  "state": "skipped",
                  "speed": null,
                  "pass": false,
                  "fail": false,
                  "pending": false,
                  "context": null,
                  "code": "cy.visit('/inventory-management/inbound');\ncy.get('[data-cy=\"inbound-create-btn\"], button:contains(\"新增\")').first().click();\ncy.wait(2000);\ncy.get('.el-dialog, .el-drawer', {\n  timeout: 10000\n}).should('be.visible');\ncy.get('.el-date-editor input, input[type=\"date\"]').first().click();\ncy.get('.el-date-picker__prev-btn, .el-date-picker__next-btn').should('be.visible');",
                  "err": {},
                  "uuid": "b57972b0-d989-4fad-8179-0f10fdbb566a",
                  "parentUUID": null,
                  "isHook": false,
                  "skipped": true
                }
              ],
              "suites": [],
              "passes": [],
              "failures": [],
              "pending": [],
              "skipped": [
                "2b13d6dd-d010-49de-9418-ab68cc2058c6",
                "1f4a4d43-3621-4e7e-a9f8-c33b277a0a2a",
                "b57972b0-d989-4fad-8179-0f10fdbb566a"
              ],
              "duration": 0,
              "root": false,
              "rootEmpty": false,
              "_timeout": 2000
            },
            {
              "uuid": "c9f8f18a-7818-4f00-94af-3fb76b245492",
              "title": "【并发操作测试】",
              "fullFile": "",
              "file": "",
              "beforeHooks": [],
              "afterHooks": [],
              "tests": [
                {
                  "title": "TC-CONCURRENT-001: 验证同时发起多个请求的处理",
                  "fullTitle": "仓库管理系统边界条件和异常场景测试 【并发操作测试】 TC-CONCURRENT-001: 验证同时发起多个请求的处理",
                  "timedOut": null,
                  "duration": 0,
                  "state": "skipped",
                  "speed": null,
                  "pass": false,
                  "fail": false,
                  "pending": false,
                  "context": null,
                  "code": "const requests = Array(5).fill(null).map((_, i) => cy.request({\n  method: 'GET',\n  url: `/api/devices?page=${i}&size=10`,\n  failOnStatusCode: false\n}));\nPromise.all(requests).then(responses => {\n  responses.forEach(response => {\n    expect(response.status).to.be.lessThan(500);\n  });\n});",
                  "err": {},
                  "uuid": "007c48c6-5feb-4c6a-a0b0-36c8b1bedd57",
                  "parentUUID": null,
                  "isHook": false,
                  "skipped": true
                },
                {
                  "title": "TC-CONCURRENT-002: 验证快速切换页面的处理",
                  "fullTitle": "仓库管理系统边界条件和异常场景测试 【并发操作测试】 TC-CONCURRENT-002: 验证快速切换页面的处理",
                  "timedOut": null,
                  "duration": 0,
                  "state": "skipped",
                  "speed": null,
                  "pass": false,
                  "fail": false,
                  "pending": false,
                  "context": null,
                  "code": "const pages = ['/dashboard', '/asset-management/device-list', '/inventory-management/inbound', '/inventory-management/outbound'];\npages.forEach(page => {\n  cy.visit(page);\n  cy.wait(500);\n});\ncy.url().should('include', '/inventory-management/outbound');",
                  "err": {},
                  "uuid": "7047017e-19bd-4511-a5a5-6fb77755f23a",
                  "parentUUID": null,
                  "isHook": false,
                  "skipped": true
                }
              ],
              "suites": [],
              "passes": [],
              "failures": [],
              "pending": [],
              "skipped": [
                "007c48c6-5feb-4c6a-a0b0-36c8b1bedd57",
                "7047017e-19bd-4511-a5a5-6fb77755f23a"
              ],
              "duration": 0,
              "root": false,
              "rootEmpty": false,
              "_timeout": 2000
            },
            {
              "uuid": "541d3c63-6244-4145-93af-eca693472844",
              "title": "【性能边界测试】",
              "fullFile": "",
              "file": "",
              "beforeHooks": [],
              "afterHooks": [],
              "tests": [
                {
                  "title": "TC-PERF-001: 验证大数据量列表渲染性能",
                  "fullTitle": "仓库管理系统边界条件和异常场景测试 【性能边界测试】 TC-PERF-001: 验证大数据量列表渲染性能",
                  "timedOut": null,
                  "duration": 0,
                  "state": "skipped",
                  "speed": null,
                  "pass": false,
                  "fail": false,
                  "pending": false,
                  "context": null,
                  "code": "const startTime = Date.now();\ncy.visit('/asset-management/device-list');\ncy.get('.el-table, table', {\n  timeout: 60000\n}).should('be.visible');\ncy.then(() => {\n  const loadTime = Date.now() - startTime;\n  cy.log(`列表加载时间: ${loadTime}ms`);\n  expect(loadTime).to.be.lessThan(30000);\n});",
                  "err": {},
                  "uuid": "c15df0fd-2e30-4d5b-bc37-511d002b56f7",
                  "parentUUID": null,
                  "isHook": false,
                  "skipped": true
                },
                {
                  "title": "TC-PERF-002: 验证搜索响应性能",
                  "fullTitle": "仓库管理系统边界条件和异常场景测试 【性能边界测试】 TC-PERF-002: 验证搜索响应性能",
                  "timedOut": null,
                  "duration": 0,
                  "state": "skipped",
                  "speed": null,
                  "pass": false,
                  "fail": false,
                  "pending": false,
                  "context": null,
                  "code": "cy.visit('/inventory-management/inbound');\ncy.wait(3000);\nconst startTime = Date.now();\ncy.get('input[placeholder*=\"单号\"]', {\n  timeout: 30000\n}).type('test');\ncy.get('[data-cy=\"search-btn\"], button:contains(\"搜索\"), button:contains(\"查询\")').first().click();\ncy.wait(3000);\ncy.then(() => {\n  const searchTime = Date.now() - startTime;\n  cy.log(`搜索响应时间: ${searchTime}ms`);\n  expect(searchTime).to.be.lessThan(10000);\n});",
                  "err": {},
                  "uuid": "3ee3d6e9-7764-456a-8f17-d9b1fa1a9c0a",
                  "parentUUID": null,
                  "isHook": false,
                  "skipped": true
                }
              ],
              "suites": [],
              "passes": [],
              "failures": [],
              "pending": [],
              "skipped": [
                "c15df0fd-2e30-4d5b-bc37-511d002b56f7",
                "3ee3d6e9-7764-456a-8f17-d9b1fa1a9c0a"
              ],
              "duration": 0,
              "root": false,
              "rootEmpty": false,
              "_timeout": 2000
            },
            {
              "uuid": "8cd33c6d-534c-45b0-8ac4-087d91c44371",
              "title": "【数据完整性测试】",
              "fullFile": "",
              "file": "",
              "beforeHooks": [],
              "afterHooks": [],
              "tests": [
                {
                  "title": "TC-DATA-001: 验证数据格式一致性",
                  "fullTitle": "仓库管理系统边界条件和异常场景测试 【数据完整性测试】 TC-DATA-001: 验证数据格式一致性",
                  "timedOut": null,
                  "duration": 0,
                  "state": "skipped",
                  "speed": null,
                  "pass": false,
                  "fail": false,
                  "pending": false,
                  "context": null,
                  "code": "cy.getRealDevices({\n  size: 10\n}).then(devices => {\n  devices.forEach(device => {\n    expect(device).to.have.property('id');\n    expect(device).to.have.property('deviceCode');\n    expect(device).to.have.property('deviceName');\n  });\n});",
                  "err": {},
                  "uuid": "3d3d047e-f8bf-4341-8861-61f3eebd4d07",
                  "parentUUID": null,
                  "isHook": false,
                  "skipped": true
                },
                {
                  "title": "TC-DATA-002: 验证数据类型正确性",
                  "fullTitle": "仓库管理系统边界条件和异常场景测试 【数据完整性测试】 TC-DATA-002: 验证数据类型正确性",
                  "timedOut": null,
                  "duration": 0,
                  "state": "skipped",
                  "speed": null,
                  "pass": false,
                  "fail": false,
                  "pending": false,
                  "context": null,
                  "code": "cy.getRealDevices({\n  size: 10\n}).then(devices => {\n  devices.forEach(device => {\n    expect(device.id).to.be.a('number');\n    expect(device.deviceCode).to.be.a('string');\n    expect(device.deviceName).to.be.a('string');\n  });\n});",
                  "err": {},
                  "uuid": "8478949f-d8e0-4e4d-b557-e98b59cc228f",
                  "parentUUID": null,
                  "isHook": false,
                  "skipped": true
                }
              ],
              "suites": [],
              "passes": [],
              "failures": [],
              "pending": [],
              "skipped": [
                "3d3d047e-f8bf-4341-8861-61f3eebd4d07",
                "8478949f-d8e0-4e4d-b557-e98b59cc228f"
              ],
              "duration": 0,
              "root": false,
              "rootEmpty": false,
              "_timeout": 2000
            }
          ],
          "passes": [],
          "failures": [],
          "pending": [],
          "skipped": [],
          "duration": 0,
          "root": false,
          "rootEmpty": false,
          "_timeout": 2000
        }
      ],
      "passes": [],
      "failures": [],
      "pending": [],
      "skipped": [],
      "duration": 0,
      "root": true,
      "rootEmpty": true,
      "_timeout": 2000
    }
  ],
  "meta": {
    "mocha": {
      "version": "7.2.0"
    },
    "mochawesome": {
      "options": {
        "quiet": false,
        "reportFilename": "mochawesome",
        "saveHtml": false,
        "saveJson": true,
        "consoleReporter": "spec",
        "useInlineDiffs": false,
        "code": true
      },
      "version": "7.1.4"
    },
    "marge": {
      "options": {
        "charts": true,
        "reportPageTitle": "WMS E2E Test Report",
        "embeddedScreenshots": true,
        "inlineAssets": true,
        "saveAllAttempts": false,
        "reportDir": "tests\\cypress\\reports\\.jsons",
        "overwrite": false,
        "html": false,
        "json": true
      },
      "version": "6.3.2"
    }
  }
}