{
  "stats": {
    "suites": 2,
    "tests": 2,
    "passes": 0,
    "pending": 0,
    "failures": 2,
    "start": "2026-02-26T13:12:59.883Z",
    "end": "2026-02-26T13:13:49.673Z",
    "duration": 49790,
    "testsRegistered": 29,
    "passPercent": 0,
    "pendingPercent": 0,
    "other": -1,
    "hasOther": false,
    "skipped": 28,
    "hasSkipped": true
  },
  "results": [
    {
      "uuid": "1b91ef83-ed70-4eb6-a430-f94a9e47f2ae",
      "title": "",
      "fullFile": "tests\\cypress\\e2e\\comprehensive-e2e-test.cy.js",
      "file": "tests\\cypress\\e2e\\comprehensive-e2e-test.cy.js",
      "beforeHooks": [],
      "afterHooks": [],
      "tests": [],
      "suites": [
        {
          "uuid": "a36f5096-f933-4217-833f-1ffc3d768f59",
          "title": "🎯 全面的端到端测试套件",
          "fullFile": "",
          "file": "",
          "beforeHooks": [],
          "afterHooks": [],
          "tests": [],
          "suites": [
            {
              "uuid": "2842db7a-b01d-4c45-8a21-61772851f42f",
              "title": "🔐 登录认证模块测试",
              "fullFile": "",
              "file": "",
              "beforeHooks": [],
              "afterHooks": [],
              "tests": [
                {
                  "title": "应该成功登录并跳转到仪表盘",
                  "fullTitle": "🎯 全面的端到端测试套件 🔐 登录认证模块测试 应该成功登录并跳转到仪表盘",
                  "timedOut": null,
                  "duration": 16113,
                  "state": "failed",
                  "speed": null,
                  "pass": false,
                  "fail": true,
                  "pending": false,
                  "context": null,
                  "code": "cy.url().should('include', '/dashboard');\ncy.contains('数据仪表盘').should('be.visible');",
                  "err": {
                    "message": "AssertionError: Timed out retrying after 15000ms: expected 'http://localhost:5173/login' to not include '/login'\n\nThis error occurred while creating the session. Because the session setup failed, we failed the test.\n\nBecause this error occurred during a `before each` hook we are skipping the remaining tests in the current suite: `🎯 全面的端到端测试套件`",
                    "estack": "AssertionError: Timed out retrying after 15000ms: expected 'http://localhost:5173/login' to not include '/login'\n\nThis error occurred while creating the session. Because the session setup failed, we failed the test.\n\nBecause this error occurred during a `before each` hook we are skipping the remaining tests in the current suite: `🎯 全面的端到端测试套件`\n    at performLogin (webpack:///../tests/cypress/support/commands.js:37:29)\n    at Object.eval [as setup] (webpack:///../tests/cypress/support/commands.js:12:6)\n    at Context.<anonymous> (http://localhost:5173/__cypress/runner/cypress_runner.js:136668:38)\n    at getRet (http://localhost:5173/__cypress/runner/cypress_runner.js:122807:20)\n    at tryCatcher (http://localhost:5173/__cypress/runner/cypress_runner.js:1777:23)\n    at Promise.attempt.Promise.try (http://localhost:5173/__cypress/runner/cypress_runner.js:4285:29)\n    at Context.thenFn (http://localhost:5173/__cypress/runner/cypress_runner.js:122818:66)\n    at Context.then (http://localhost:5173/__cypress/runner/cypress_runner.js:123069:21)\n    at wrapped (http://localhost:5173/__cypress/runner/cypress_runner.js:146327:19)",
                    "diff": null
                  },
                  "uuid": "bea4658b-2a36-43b1-9b00-f6deecd76e11",
                  "parentUUID": "2842db7a-b01d-4c45-8a21-61772851f42f",
                  "isHook": false,
                  "skipped": false
                },
                {
                  "title": "应该验证所有登录页面data-cy属性",
                  "fullTitle": "🎯 全面的端到端测试套件 🔐 登录认证模块测试 应该验证所有登录页面data-cy属性",
                  "timedOut": null,
                  "duration": 0,
                  "state": "skipped",
                  "speed": null,
                  "pass": false,
                  "fail": false,
                  "pending": false,
                  "context": null,
                  "code": "cy.visit('/login');\n// 验证登录页面容器\nTestUtils.verifyElement('login-page');\n// 验证登录表单\nTestUtils.verifyElement('login-form');\nTestUtils.verifyElement('login-username-form-item', {\n  text: '用户名'\n});\nTestUtils.verifyElement('login-username-input');\nTestUtils.verifyElement('login-password-form-item', {\n  text: '密码'\n});\nTestUtils.verifyElement('login-password-input');\nTestUtils.verifyElement('login-remember-checkbox', {\n  text: '记住我'\n});\nTestUtils.verifyElement('login-submit-button', {\n  text: '登录'\n});",
                  "err": {},
                  "uuid": "b90e3ed0-ee94-4a2c-8162-73bfe8a2b0fd",
                  "parentUUID": "2842db7a-b01d-4c45-8a21-61772851f42f",
                  "isHook": false,
                  "skipped": true
                },
                {
                  "title": "应该验证登录表单验证功能",
                  "fullTitle": "🎯 全面的端到端测试套件 🔐 登录认证模块测试 应该验证登录表单验证功能",
                  "timedOut": null,
                  "duration": 0,
                  "state": "skipped",
                  "speed": null,
                  "pass": false,
                  "fail": false,
                  "pending": false,
                  "context": null,
                  "code": "cy.visit('/login');\ncy.get('[data-cy=\"login-submit-button\"]').click();\ncy.get('.el-form-item__error').should('exist');",
                  "err": {},
                  "uuid": "42b0787a-493c-4d69-b87a-b6c869777b31",
                  "parentUUID": "2842db7a-b01d-4c45-8a21-61772851f42f",
                  "isHook": false,
                  "skipped": true
                },
                {
                  "title": "应该处理无效登录凭证",
                  "fullTitle": "🎯 全面的端到端测试套件 🔐 登录认证模块测试 应该处理无效登录凭证",
                  "timedOut": null,
                  "duration": 0,
                  "state": "skipped",
                  "speed": null,
                  "pass": false,
                  "fail": false,
                  "pending": false,
                  "context": null,
                  "code": "cy.visit('/login');\ncy.get('[data-cy=\"login-username-input\"]').type(testData.invalidUser.username);\ncy.get('[data-cy=\"login-password-input\"]').type(testData.invalidUser.password);\ncy.get('[data-cy=\"login-submit-button\"]').click();\ncy.get('.el-message--error', {\n  timeout: 10000\n}).should('be.visible');\ncy.url().should('include', '/login');",
                  "err": {},
                  "uuid": "b090cbf0-2412-4c5e-917a-9ffa9eec0dfd",
                  "parentUUID": "2842db7a-b01d-4c45-8a21-61772851f42f",
                  "isHook": false,
                  "skipped": true
                }
              ],
              "suites": [],
              "passes": [],
              "failures": [
                "bea4658b-2a36-43b1-9b00-f6deecd76e11"
              ],
              "pending": [],
              "skipped": [
                "b90e3ed0-ee94-4a2c-8162-73bfe8a2b0fd",
                "42b0787a-493c-4d69-b87a-b6c869777b31",
                "b090cbf0-2412-4c5e-917a-9ffa9eec0dfd"
              ],
              "duration": 16113,
              "root": false,
              "rootEmpty": false,
              "_timeout": 2000
            },
            {
              "uuid": "1948ddf3-9ff1-4d6d-b57a-3aca17cc4631",
              "title": "📊 仪表盘模块测试",
              "fullFile": "",
              "file": "",
              "beforeHooks": [],
              "afterHooks": [],
              "tests": [
                {
                  "title": "应该加载仪表盘并显示所有关键组件",
                  "fullTitle": "🎯 全面的端到端测试套件 📊 仪表盘模块测试 应该加载仪表盘并显示所有关键组件",
                  "timedOut": null,
                  "duration": 0,
                  "state": "skipped",
                  "speed": null,
                  "pass": false,
                  "fail": false,
                  "pending": false,
                  "context": null,
                  "code": "cy.contains('数据仪表盘').should('be.visible');\n// 验证统计卡片\ncy.get('.stat-card, [class*=\"stat\"]').should('have.length.at.least', 1);",
                  "err": {},
                  "uuid": "18c79a97-eab2-4390-b608-710e88591d81",
                  "parentUUID": null,
                  "isHook": false,
                  "skipped": true
                },
                {
                  "title": "应该验证仪表盘data-cy属性",
                  "fullTitle": "🎯 全面的端到端测试套件 📊 仪表盘模块测试 应该验证仪表盘data-cy属性",
                  "timedOut": null,
                  "duration": 0,
                  "state": "skipped",
                  "speed": null,
                  "pass": false,
                  "fail": false,
                  "pending": false,
                  "context": null,
                  "code": "// 检查常见的仪表盘元素\ncy.get('body').then($body => {\n  // 如果存在data-cy属性则验证\n  if ($body.find('[data-cy*=\"dashboard\"]').length > 0) {\n    cy.get('[data-cy*=\"dashboard\"]').should('be.visible');\n  }\n});",
                  "err": {},
                  "uuid": "32ff3362-9d99-4f87-88c9-dad6834ee046",
                  "parentUUID": null,
                  "isHook": false,
                  "skipped": true
                }
              ],
              "suites": [],
              "passes": [],
              "failures": [],
              "pending": [],
              "skipped": [
                "18c79a97-eab2-4390-b608-710e88591d81",
                "32ff3362-9d99-4f87-88c9-dad6834ee046"
              ],
              "duration": 0,
              "root": false,
              "rootEmpty": false,
              "_timeout": 2000
            },
            {
              "uuid": "581e2aa1-2a8f-4edf-8b25-b3816ed4fa36",
              "title": "📥 入库管理模块测试",
              "fullFile": "",
              "file": "",
              "beforeHooks": [],
              "afterHooks": [],
              "tests": [
                {
                  "title": "应该加载入库管理页面并验证所有data-cy属性",
                  "fullTitle": "🎯 全面的端到端测试套件 📥 入库管理模块测试 应该加载入库管理页面并验证所有data-cy属性",
                  "timedOut": null,
                  "duration": 0,
                  "state": "skipped",
                  "speed": null,
                  "pass": false,
                  "fail": false,
                  "pending": false,
                  "context": null,
                  "code": "cy.contains('入库管理').should('be.visible');\n// 验证表格列\nTestUtils.verifyTableColumns('inbound-detail-table', ['inbound-selection-column', 'inbound-index-column', 'inbound-order-no-column', 'inbound-type-column', 'inbound-date-column', 'inbound-status-column', 'inbound-actions-column']);",
                  "err": {},
                  "uuid": "a4cb3a55-7f80-4387-a947-4ad01fcbb6c4",
                  "parentUUID": null,
                  "isHook": false,
                  "skipped": true
                },
                {
                  "title": "应该验证入库单操作按钮",
                  "fullTitle": "🎯 全面的端到端测试套件 📥 入库管理模块测试 应该验证入库单操作按钮",
                  "timedOut": null,
                  "duration": 0,
                  "state": "skipped",
                  "speed": null,
                  "pass": false,
                  "fail": false,
                  "pending": false,
                  "context": null,
                  "code": "// 验证操作按钮存在\nconst actionButtons = ['inbound-view-btn', 'inbound-edit-btn', 'inbound-delete-btn', 'inbound-create-btn'];\nactionButtons.forEach(btn => {\n  cy.get('body').then($body => {\n    if ($body.find(`[data-cy=\"${btn}\"]`).length > 0) {\n      cy.get(`[data-cy=\"${btn}\"]`).should('exist');\n    }\n  });\n});",
                  "err": {},
                  "uuid": "454e994e-c3a2-4c42-8af8-f0df6d346adb",
                  "parentUUID": null,
                  "isHook": false,
                  "skipped": true
                },
                {
                  "title": "应该能够打开入库单详情对话框",
                  "fullTitle": "🎯 全面的端到端测试套件 📥 入库管理模块测试 应该能够打开入库单详情对话框",
                  "timedOut": null,
                  "duration": 0,
                  "state": "skipped",
                  "speed": null,
                  "pass": false,
                  "fail": false,
                  "pending": false,
                  "context": null,
                  "code": "cy.get('body').then($body => {\n  if ($body.find('[data-cy=\"inbound-view-btn\"]').length > 0) {\n    cy.get('[data-cy=\"inbound-view-btn\"]').first().click();\n    cy.get('[data-cy=\"inbound-detail-dialog\"]').should('be.visible');\n  }\n});",
                  "err": {},
                  "uuid": "fe406052-4144-46df-8981-ef4bed652170",
                  "parentUUID": null,
                  "isHook": false,
                  "skipped": true
                },
                {
                  "title": "应该验证入库设备表单data-cy属性",
                  "fullTitle": "🎯 全面的端到端测试套件 📥 入库管理模块测试 应该验证入库设备表单data-cy属性",
                  "timedOut": null,
                  "duration": 0,
                  "state": "skipped",
                  "speed": null,
                  "pass": false,
                  "fail": false,
                  "pending": false,
                  "context": null,
                  "code": "// 检查入库创建设备表单元素\nconst formElements = ['inbound-device-mode-group', 'inbound-device-batch-btn', 'inbound-device-single-btn', 'inbound-device-batch-form', 'inbound-device-single-form', 'inbound-device-list-table'];\nformElements.forEach(el => {\n  cy.get('body').then($body => {\n    if ($body.find(`[data-cy=\"${el}\"]`).length > 0) {\n      cy.get(`[data-cy=\"${el}\"]`).should('exist');\n    }\n  });\n});",
                  "err": {},
                  "uuid": "570308e6-d990-4d5a-a885-b9092a48ae9b",
                  "parentUUID": null,
                  "isHook": false,
                  "skipped": true
                }
              ],
              "suites": [],
              "passes": [],
              "failures": [],
              "pending": [],
              "skipped": [
                "a4cb3a55-7f80-4387-a947-4ad01fcbb6c4",
                "454e994e-c3a2-4c42-8af8-f0df6d346adb",
                "fe406052-4144-46df-8981-ef4bed652170",
                "570308e6-d990-4d5a-a885-b9092a48ae9b"
              ],
              "duration": 0,
              "root": false,
              "rootEmpty": false,
              "_timeout": 2000
            },
            {
              "uuid": "41d50262-0a34-4839-85c0-3ebe81269155",
              "title": "📤 出库管理模块测试",
              "fullFile": "",
              "file": "",
              "beforeHooks": [],
              "afterHooks": [],
              "tests": [
                {
                  "title": "应该加载出库管理页面并验证所有data-cy属性",
                  "fullTitle": "🎯 全面的端到端测试套件 📤 出库管理模块测试 应该加载出库管理页面并验证所有data-cy属性",
                  "timedOut": null,
                  "duration": 0,
                  "state": "skipped",
                  "speed": null,
                  "pass": false,
                  "fail": false,
                  "pending": false,
                  "context": null,
                  "code": "cy.contains('出库管理').should('be.visible');\n// 验证页面容器\ncy.get('[data-cy=\"outbound-management-page\"]').should('exist');\n// 验证表格列\nTestUtils.verifyTableColumns('outbound-detail-table', ['outbound-selection-column', 'outbound-order-no-column', 'outbound-date-column', 'outbound-type-column', 'outbound-status-column', 'outbound-actions-column']);",
                  "err": {},
                  "uuid": "a91e71c2-b6eb-4742-ba16-7e4564de6e2c",
                  "parentUUID": null,
                  "isHook": false,
                  "skipped": true
                },
                {
                  "title": "应该验证出库单操作按钮",
                  "fullTitle": "🎯 全面的端到端测试套件 📤 出库管理模块测试 应该验证出库单操作按钮",
                  "timedOut": null,
                  "duration": 0,
                  "state": "skipped",
                  "speed": null,
                  "pass": false,
                  "fail": false,
                  "pending": false,
                  "context": null,
                  "code": "const buttons = ['outbound-create-btn', 'outbound-export-btn', 'outbound-guide-btn'];\nbuttons.forEach(btn => {\n  TestUtils.verifyElement(btn);\n});",
                  "err": {},
                  "uuid": "c91081b0-4c4c-4369-aec0-f19a4d4557bc",
                  "parentUUID": null,
                  "isHook": false,
                  "skipped": true
                },
                {
                  "title": "应该验证批量操作栏",
                  "fullTitle": "🎯 全面的端到端测试套件 📤 出库管理模块测试 应该验证批量操作栏",
                  "timedOut": null,
                  "duration": 0,
                  "state": "skipped",
                  "speed": null,
                  "pass": false,
                  "fail": false,
                  "pending": false,
                  "context": null,
                  "code": "// 先选择一行\ncy.get('[data-cy=\"outbound-selection-column\"] .el-checkbox').first().click();\n// 验证批量操作栏显示\ncy.get('[data-cy=\"outbound-batch-operation-bar\"]').should('be.visible');\ncy.get('[data-cy=\"outbound-selected-count\"]').should('contain', '已选择');\ncy.get('[data-cy=\"outbound-clear-selection-btn\"]').should('be.visible');",
                  "err": {},
                  "uuid": "6e23765a-295d-44c2-8ba7-ddaea5e6fc66",
                  "parentUUID": null,
                  "isHook": false,
                  "skipped": true
                },
                {
                  "title": "应该能够打开出库单详情",
                  "fullTitle": "🎯 全面的端到端测试套件 📤 出库管理模块测试 应该能够打开出库单详情",
                  "timedOut": null,
                  "duration": 0,
                  "state": "skipped",
                  "speed": null,
                  "pass": false,
                  "fail": false,
                  "pending": false,
                  "context": null,
                  "code": "cy.get('body').then($body => {\n  if ($body.find('[data-cy=\"outbound-view-btn\"]').length > 0) {\n    cy.get('[data-cy=\"outbound-view-btn\"]').first().click();\n    cy.get('[data-cy=\"outbound-detail-dialog\"]').should('be.visible');\n    // 验证详情表格\n    cy.get('[data-cy=\"outbound-detail-table\"]').should('exist');\n  }\n});",
                  "err": {},
                  "uuid": "da22c070-0781-4e98-ae82-ade9c93149cc",
                  "parentUUID": null,
                  "isHook": false,
                  "skipped": true
                }
              ],
              "suites": [],
              "passes": [],
              "failures": [],
              "pending": [],
              "skipped": [
                "a91e71c2-b6eb-4742-ba16-7e4564de6e2c",
                "c91081b0-4c4c-4369-aec0-f19a4d4557bc",
                "6e23765a-295d-44c2-8ba7-ddaea5e6fc66",
                "da22c070-0781-4e98-ae82-ade9c93149cc"
              ],
              "duration": 0,
              "root": false,
              "rootEmpty": false,
              "_timeout": 2000
            },
            {
              "uuid": "e36ef6e3-cedd-40cd-a953-9c552375b438",
              "title": "🏭 仓库管理模块测试",
              "fullFile": "",
              "file": "",
              "beforeHooks": [],
              "afterHooks": [],
              "tests": [],
              "suites": [
                {
                  "uuid": "f9e62cce-e5d3-4c5e-acff-692f3ac2e6a6",
                  "title": "仓库地图页面",
                  "fullFile": "",
                  "file": "",
                  "beforeHooks": [],
                  "afterHooks": [],
                  "tests": [
                    {
                      "title": "应该加载仓库地图页面并验证data-cy属性",
                      "fullTitle": "🎯 全面的端到端测试套件 🏭 仓库管理模块测试 仓库地图页面 应该加载仓库地图页面并验证data-cy属性",
                      "timedOut": null,
                      "duration": 0,
                      "state": "skipped",
                      "speed": null,
                      "pass": false,
                      "fail": false,
                      "pending": false,
                      "context": null,
                      "code": "cy.get('[data-cy=\"warehouse-map-page\"]').should('exist');\ncy.get('[data-cy=\"warehouse-view-mode-group\"]').should('be.visible');\ncy.get('[data-cy=\"warehouse-view-map-btn\"]').should('be.visible');\ncy.get('[data-cy=\"warehouse-view-list-btn\"]').should('be.visible');",
                      "err": {},
                      "uuid": "96ba4c94-abd9-42d6-a23e-bd5d6f9d10ae",
                      "parentUUID": null,
                      "isHook": false,
                      "skipped": true
                    },
                    {
                      "title": "应该能够在地图和列表视图间切换",
                      "fullTitle": "🎯 全面的端到端测试套件 🏭 仓库管理模块测试 仓库地图页面 应该能够在地图和列表视图间切换",
                      "timedOut": null,
                      "duration": 0,
                      "state": "skipped",
                      "speed": null,
                      "pass": false,
                      "fail": false,
                      "pending": false,
                      "context": null,
                      "code": "// 切换到列表视图\ncy.get('[data-cy=\"warehouse-view-list-btn\"]').click();\ncy.get('[data-cy=\"warehouse-map-table\"]').should('be.visible');\n// 验证搜索和刷新按钮\ncy.get('[data-cy=\"warehouse-list-search-input\"]').should('be.visible');\ncy.get('[data-cy=\"warehouse-list-refresh-btn\"]').should('be.visible');",
                      "err": {},
                      "uuid": "b6950db3-7675-4836-9450-3defbb0cda8f",
                      "parentUUID": null,
                      "isHook": false,
                      "skipped": true
                    },
                    {
                      "title": "应该能够查看仓库详情",
                      "fullTitle": "🎯 全面的端到端测试套件 🏭 仓库管理模块测试 仓库地图页面 应该能够查看仓库详情",
                      "timedOut": null,
                      "duration": 0,
                      "state": "skipped",
                      "speed": null,
                      "pass": false,
                      "fail": false,
                      "pending": false,
                      "context": null,
                      "code": "// 切换到列表视图\ncy.get('[data-cy=\"warehouse-view-list-btn\"]').click();\ncy.get('body').then($body => {\n  if ($body.find('[data-cy=\"warehouse-list-view-btn\"]').length > 0) {\n    cy.get('[data-cy=\"warehouse-list-view-btn\"]').first().click();\n    cy.get('[data-cy=\"warehouse-detail-dialog\"]').should('be.visible');\n    cy.get('[data-cy=\"warehouse-detail-close-btn\"]').should('be.visible');\n    cy.get('[data-cy=\"warehouse-detail-edit-btn\"]').should('be.visible');\n  }\n});",
                      "err": {},
                      "uuid": "8c6b9d01-15b4-4dc8-8470-14db8b830ca5",
                      "parentUUID": null,
                      "isHook": false,
                      "skipped": true
                    }
                  ],
                  "suites": [],
                  "passes": [],
                  "failures": [],
                  "pending": [],
                  "skipped": [
                    "96ba4c94-abd9-42d6-a23e-bd5d6f9d10ae",
                    "b6950db3-7675-4836-9450-3defbb0cda8f",
                    "8c6b9d01-15b4-4dc8-8470-14db8b830ca5"
                  ],
                  "duration": 0,
                  "root": false,
                  "rootEmpty": false,
                  "_timeout": 2000
                },
                {
                  "uuid": "bcb03719-ed0b-4b88-b715-3b64f06158e3",
                  "title": "功能区管理页面",
                  "fullFile": "",
                  "file": "",
                  "beforeHooks": [],
                  "afterHooks": [],
                  "tests": [
                    {
                      "title": "应该加载功能区管理页面并验证data-cy属性",
                      "fullTitle": "🎯 全面的端到端测试套件 🏭 仓库管理模块测试 功能区管理页面 应该加载功能区管理页面并验证data-cy属性",
                      "timedOut": null,
                      "duration": 0,
                      "state": "skipped",
                      "speed": null,
                      "pass": false,
                      "fail": false,
                      "pending": false,
                      "context": null,
                      "code": "cy.get('[data-cy=\"warehouse-zone-page\"]').should('exist');\ncy.get('[data-cy=\"warehouse-zone-add-btn\"]').should('be.visible');\ncy.get('[data-cy=\"zone-table\"]').should('be.visible');",
                      "err": {},
                      "uuid": "a81b3836-1fce-4954-931b-9dfbf63bbd36",
                      "parentUUID": null,
                      "isHook": false,
                      "skipped": true
                    },
                    {
                      "title": "应该能够打开添加功能区对话框",
                      "fullTitle": "🎯 全面的端到端测试套件 🏭 仓库管理模块测试 功能区管理页面 应该能够打开添加功能区对话框",
                      "timedOut": null,
                      "duration": 0,
                      "state": "skipped",
                      "speed": null,
                      "pass": false,
                      "fail": false,
                      "pending": false,
                      "context": null,
                      "code": "cy.get('[data-cy=\"warehouse-zone-add-btn\"]').click();\ncy.get('[data-cy=\"warehouse-zone-dialog\"]').should('be.visible');\ncy.get('[data-cy=\"warehouse-zone-form\"]').should('be.visible');\n// 验证表单字段\ncy.get('[data-cy=\"warehouse-zone-code-input\"]').should('be.visible');\ncy.get('[data-cy=\"warehouse-zone-name-input\"]').should('be.visible');\ncy.get('[data-cy=\"warehouse-zone-warehouse-select\"]').should('be.visible');\ncy.get('[data-cy=\"warehouse-zone-type-select\"]').should('be.visible');\ncy.get('[data-cy=\"warehouse-zone-remark-input\"]').should('be.visible');\n// 验证按钮\ncy.get('[data-cy=\"warehouse-zone-cancel-btn\"]').should('be.visible');\ncy.get('[data-cy=\"warehouse-zone-submit-btn\"]').should('be.visible');",
                      "err": {},
                      "uuid": "2a717722-58fc-4e4a-97f4-4db8b43cac0b",
                      "parentUUID": null,
                      "isHook": false,
                      "skipped": true
                    },
                    {
                      "title": "应该验证分页组件",
                      "fullTitle": "🎯 全面的端到端测试套件 🏭 仓库管理模块测试 功能区管理页面 应该验证分页组件",
                      "timedOut": null,
                      "duration": 0,
                      "state": "skipped",
                      "speed": null,
                      "pass": false,
                      "fail": false,
                      "pending": false,
                      "context": null,
                      "code": "cy.get('[data-cy=\"warehouse-zone-pagination\"]').should('exist');",
                      "err": {},
                      "uuid": "d5e1e9f9-de15-41ea-8dcc-090ec2cf6663",
                      "parentUUID": null,
                      "isHook": false,
                      "skipped": true
                    }
                  ],
                  "suites": [],
                  "passes": [],
                  "failures": [],
                  "pending": [],
                  "skipped": [
                    "a81b3836-1fce-4954-931b-9dfbf63bbd36",
                    "2a717722-58fc-4e4a-97f4-4db8b43cac0b",
                    "d5e1e9f9-de15-41ea-8dcc-090ec2cf6663"
                  ],
                  "duration": 0,
                  "root": false,
                  "rootEmpty": false,
                  "_timeout": 2000
                }
              ],
              "passes": [],
              "failures": [],
              "pending": [],
              "skipped": [],
              "duration": 0,
              "root": false,
              "rootEmpty": false,
              "_timeout": 2000
            },
            {
              "uuid": "46235d94-8ded-46c1-9aef-ef59985a12b6",
              "title": "⚙️ 系统管理模块测试",
              "fullFile": "",
              "file": "",
              "beforeHooks": [],
              "afterHooks": [],
              "tests": [],
              "suites": [
                {
                  "uuid": "a1e8605b-cc09-40d6-9b71-678d72701f36",
                  "title": "用户管理页面",
                  "fullFile": "",
                  "file": "",
                  "beforeHooks": [],
                  "afterHooks": [],
                  "tests": [
                    {
                      "title": "应该加载用户管理页面",
                      "fullTitle": "🎯 全面的端到端测试套件 ⚙️ 系统管理模块测试 用户管理页面 应该加载用户管理页面",
                      "timedOut": null,
                      "duration": 0,
                      "state": "skipped",
                      "speed": null,
                      "pass": false,
                      "fail": false,
                      "pending": false,
                      "context": null,
                      "code": "cy.contains('用户管理').should('be.visible');",
                      "err": {},
                      "uuid": "d1cbda93-d656-4cab-ab7c-617afba0fe96",
                      "parentUUID": null,
                      "isHook": false,
                      "skipped": true
                    }
                  ],
                  "suites": [],
                  "passes": [],
                  "failures": [],
                  "pending": [],
                  "skipped": [
                    "d1cbda93-d656-4cab-ab7c-617afba0fe96"
                  ],
                  "duration": 0,
                  "root": false,
                  "rootEmpty": false,
                  "_timeout": 2000
                },
                {
                  "uuid": "fa195ed0-575c-4735-8776-ab55e6e27dc0",
                  "title": "角色管理页面",
                  "fullFile": "",
                  "file": "",
                  "beforeHooks": [],
                  "afterHooks": [],
                  "tests": [
                    {
                      "title": "应该加载角色管理页面",
                      "fullTitle": "🎯 全面的端到端测试套件 ⚙️ 系统管理模块测试 角色管理页面 应该加载角色管理页面",
                      "timedOut": null,
                      "duration": 0,
                      "state": "skipped",
                      "speed": null,
                      "pass": false,
                      "fail": false,
                      "pending": false,
                      "context": null,
                      "code": "cy.contains('角色管理').should('be.visible');",
                      "err": {},
                      "uuid": "ffc35a16-7da1-4793-a3f0-095572cd8e83",
                      "parentUUID": null,
                      "isHook": false,
                      "skipped": true
                    }
                  ],
                  "suites": [],
                  "passes": [],
                  "failures": [],
                  "pending": [],
                  "skipped": [
                    "ffc35a16-7da1-4793-a3f0-095572cd8e83"
                  ],
                  "duration": 0,
                  "root": false,
                  "rootEmpty": false,
                  "_timeout": 2000
                }
              ],
              "passes": [],
              "failures": [],
              "pending": [],
              "skipped": [],
              "duration": 0,
              "root": false,
              "rootEmpty": false,
              "_timeout": 2000
            },
            {
              "uuid": "5c659462-acb1-4621-80c7-5c96782acd35",
              "title": "📋 库存盘点模块测试",
              "fullFile": "",
              "file": "",
              "beforeHooks": [],
              "afterHooks": [],
              "tests": [
                {
                  "title": "应该加载库存盘点页面并验证data-cy属性",
                  "fullTitle": "🎯 全面的端到端测试套件 📋 库存盘点模块测试 应该加载库存盘点页面并验证data-cy属性",
                  "timedOut": null,
                  "duration": 0,
                  "state": "skipped",
                  "speed": null,
                  "pass": false,
                  "fail": false,
                  "pending": false,
                  "context": null,
                  "code": "cy.contains('盘点').should('be.visible');\n// 验证表格列\nconst columns = ['stock-count-index-column', 'stock-count-no-column', 'stock-count-type-column', 'stock-count-date-column', 'stock-count-warehouse-column', 'stock-count-status-column'];\ncolumns.forEach(col => {\n  cy.get('body').then($body => {\n    if ($body.find(`[data-cy=\"${col}\"]`).length > 0) {\n      cy.get(`[data-cy=\"${col}\"]`).should('exist');\n    }\n  });\n});",
                  "err": {},
                  "uuid": "5c54d94e-86ab-411d-ac32-f80669217bd1",
                  "parentUUID": null,
                  "isHook": false,
                  "skipped": true
                }
              ],
              "suites": [],
              "passes": [],
              "failures": [],
              "pending": [],
              "skipped": [
                "5c54d94e-86ab-411d-ac32-f80669217bd1"
              ],
              "duration": 0,
              "root": false,
              "rootEmpty": false,
              "_timeout": 2000
            },
            {
              "uuid": "82cf0734-c758-4d41-b270-bff19055994b",
              "title": "🔧 设备管理模块测试",
              "fullFile": "",
              "file": "",
              "beforeHooks": [],
              "afterHooks": [],
              "tests": [
                {
                  "title": "应该加载设备列表页面",
                  "fullTitle": "🎯 全面的端到端测试套件 🔧 设备管理模块测试 应该加载设备列表页面",
                  "timedOut": null,
                  "duration": 0,
                  "state": "skipped",
                  "speed": null,
                  "pass": false,
                  "fail": false,
                  "pending": false,
                  "context": null,
                  "code": "cy.contains('设备').should('be.visible');",
                  "err": {},
                  "uuid": "819456a4-0e05-4761-8758-a551cf484c70",
                  "parentUUID": null,
                  "isHook": false,
                  "skipped": true
                }
              ],
              "suites": [],
              "passes": [],
              "failures": [],
              "pending": [],
              "skipped": [
                "819456a4-0e05-4761-8758-a551cf484c70"
              ],
              "duration": 0,
              "root": false,
              "rootEmpty": false,
              "_timeout": 2000
            },
            {
              "uuid": "54fa1f74-778b-41ad-8510-220a1e9ed6c8",
              "title": "⚠️ 边界情况和异常处理测试",
              "fullFile": "",
              "file": "",
              "beforeHooks": [],
              "afterHooks": [],
              "tests": [
                {
                  "title": "应该处理404页面",
                  "fullTitle": "🎯 全面的端到端测试套件 ⚠️ 边界情况和异常处理测试 应该处理404页面",
                  "timedOut": null,
                  "duration": 0,
                  "state": "skipped",
                  "speed": null,
                  "pass": false,
                  "fail": false,
                  "pending": false,
                  "context": null,
                  "code": "cy.visit('/non-existent-page-12345');\ncy.contains('404').should('be.visible');",
                  "err": {},
                  "uuid": "560b56c6-68cd-4e48-9f2b-f28f9944b359",
                  "parentUUID": null,
                  "isHook": false,
                  "skipped": true
                },
                {
                  "title": "应该处理未授权访问",
                  "fullTitle": "🎯 全面的端到端测试套件 ⚠️ 边界情况和异常处理测试 应该处理未授权访问",
                  "timedOut": null,
                  "duration": 0,
                  "state": "skipped",
                  "speed": null,
                  "pass": false,
                  "fail": false,
                  "pending": false,
                  "context": null,
                  "code": "// 清除登录状态\ncy.window().then(win => {\n  win.localStorage.clear();\n});\n// 尝试访问受保护页面\ncy.visit('/inventory-management/inbound');\ncy.url().should('include', '/login');",
                  "err": {},
                  "uuid": "90dbece2-bc54-434a-9bb8-bd34da7c82d4",
                  "parentUUID": null,
                  "isHook": false,
                  "skipped": true
                },
                {
                  "title": "应该验证所有data-cy属性的唯一性",
                  "fullTitle": "🎯 全面的端到端测试套件 ⚠️ 边界情况和异常处理测试 应该验证所有data-cy属性的唯一性",
                  "timedOut": null,
                  "duration": 0,
                  "state": "skipped",
                  "speed": null,
                  "pass": false,
                  "fail": false,
                  "pending": false,
                  "context": null,
                  "code": "cy.visit('/inventory-management/inbound');\n// 收集页面上所有的data-cy属性\ncy.get('[data-cy]').then($elements => {\n  const dataCyValues = [];\n  $elements.each((index, element) => {\n    dataCyValues.push(element.getAttribute('data-cy'));\n  });\n  // 检查重复\n  const duplicates = dataCyValues.filter((item, index) => dataCyValues.indexOf(item) !== index);\n  expect(duplicates).to.have.length(0, `发现重复的data-cy属性: ${duplicates.join(', ')}`);\n});",
                  "err": {},
                  "uuid": "8ab0db42-b803-4343-9c10-3f27b0fa7174",
                  "parentUUID": null,
                  "isHook": false,
                  "skipped": true
                }
              ],
              "suites": [],
              "passes": [],
              "failures": [],
              "pending": [],
              "skipped": [
                "560b56c6-68cd-4e48-9f2b-f28f9944b359",
                "90dbece2-bc54-434a-9bb8-bd34da7c82d4",
                "8ab0db42-b803-4343-9c10-3f27b0fa7174"
              ],
              "duration": 0,
              "root": false,
              "rootEmpty": false,
              "_timeout": 2000
            },
            {
              "uuid": "2134b323-0d0e-4ddd-b5f5-da7798a306f4",
              "title": "⚡ 性能测试",
              "fullFile": "",
              "file": "",
              "beforeHooks": [],
              "afterHooks": [],
              "tests": [
                {
                  "title": "应该验证页面加载时间",
                  "fullTitle": "🎯 全面的端到端测试套件 ⚡ 性能测试 应该验证页面加载时间",
                  "timedOut": null,
                  "duration": 0,
                  "state": "skipped",
                  "speed": null,
                  "pass": false,
                  "fail": false,
                  "pending": false,
                  "context": null,
                  "code": "const startTime = Date.now();\ncy.visit('/dashboard');\ncy.contains('数据仪表盘', {\n  timeout: 15000\n}).should('be.visible');\ncy.window().then(() => {\n  const loadTime = Date.now() - startTime;\n  cy.log(`页面加载时间: ${loadTime}ms`);\n  expect(loadTime).to.be.lessThan(10000, '页面加载时间应小于10秒');\n});",
                  "err": {},
                  "uuid": "655fd2bc-d1e8-4fe8-9f9d-b9e7d2c7cdd1",
                  "parentUUID": null,
                  "isHook": false,
                  "skipped": true
                },
                {
                  "title": "应该验证表格渲染性能",
                  "fullTitle": "🎯 全面的端到端测试套件 ⚡ 性能测试 应该验证表格渲染性能",
                  "timedOut": null,
                  "duration": 0,
                  "state": "skipped",
                  "speed": null,
                  "pass": false,
                  "fail": false,
                  "pending": false,
                  "context": null,
                  "code": "cy.visit('/inventory-management/inbound');\nconst startTime = Date.now();\ncy.get('.el-table, table', {\n  timeout: 15000\n}).should('be.visible');\ncy.window().then(() => {\n  const renderTime = Date.now() - startTime;\n  cy.log(`表格渲染时间: ${renderTime}ms`);\n  expect(renderTime).to.be.lessThan(5000, '表格渲染时间应小于5秒');\n});",
                  "err": {},
                  "uuid": "aa013068-666d-482a-a61c-08ce28631e33",
                  "parentUUID": null,
                  "isHook": false,
                  "skipped": true
                }
              ],
              "suites": [],
              "passes": [],
              "failures": [],
              "pending": [],
              "skipped": [
                "655fd2bc-d1e8-4fe8-9f9d-b9e7d2c7cdd1",
                "aa013068-666d-482a-a61c-08ce28631e33"
              ],
              "duration": 0,
              "root": false,
              "rootEmpty": false,
              "_timeout": 2000
            }
          ],
          "passes": [],
          "failures": [],
          "pending": [],
          "skipped": [],
          "duration": 0,
          "root": false,
          "rootEmpty": false,
          "_timeout": 2000
        }
      ],
      "passes": [],
      "failures": [],
      "pending": [],
      "skipped": [],
      "duration": 0,
      "root": true,
      "rootEmpty": true,
      "_timeout": 2000
    }
  ],
  "meta": {
    "mocha": {
      "version": "7.2.0"
    },
    "mochawesome": {
      "options": {
        "quiet": false,
        "reportFilename": "mochawesome",
        "saveHtml": false,
        "saveJson": true,
        "consoleReporter": "spec",
        "useInlineDiffs": false,
        "code": true
      },
      "version": "7.1.4"
    },
    "marge": {
      "options": {
        "charts": true,
        "reportPageTitle": "WMS E2E Test Report",
        "embeddedScreenshots": true,
        "inlineAssets": true,
        "saveAllAttempts": false,
        "reportDir": "tests\\cypress\\reports\\.jsons",
        "overwrite": false,
        "html": false,
        "json": true
      },
      "version": "6.3.2"
    }
  }
}