{
  "stats": {
    "suites": 2,
    "tests": 2,
    "passes": 0,
    "pending": 0,
    "failures": 2,
    "start": "2026-02-26T13:16:21.165Z",
    "end": "2026-02-26T13:17:43.132Z",
    "duration": 81967,
    "testsRegistered": 29,
    "passPercent": 0,
    "pendingPercent": 0,
    "other": -1,
    "hasOther": false,
    "skipped": 28,
    "hasSkipped": true
  },
  "results": [
    {
      "uuid": "57d65c13-6723-43d5-b0a8-52b21a0cf820",
      "title": "",
      "fullFile": "tests\\cypress\\e2e\\comprehensive-e2e-test.cy.js",
      "file": "tests\\cypress\\e2e\\comprehensive-e2e-test.cy.js",
      "beforeHooks": [],
      "afterHooks": [],
      "tests": [],
      "suites": [
        {
          "uuid": "2d8cca5a-1bb3-4e05-adb0-bf91112df8e0",
          "title": "🎯 全面的端到端测试套件",
          "fullFile": "",
          "file": "",
          "beforeHooks": [],
          "afterHooks": [],
          "tests": [],
          "suites": [
            {
              "uuid": "788c4cbe-d68e-4c1d-80b9-b1c18d08f026",
              "title": "🔐 登录认证模块测试",
              "fullFile": "",
              "file": "",
              "beforeHooks": [],
              "afterHooks": [],
              "tests": [
                {
                  "title": "应该成功登录并跳转到仪表盘",
                  "fullTitle": "🎯 全面的端到端测试套件 🔐 登录认证模块测试 应该成功登录并跳转到仪表盘",
                  "timedOut": null,
                  "duration": 31519,
                  "state": "failed",
                  "speed": null,
                  "pass": false,
                  "fail": true,
                  "pending": false,
                  "context": null,
                  "code": "cy.url().should('include', '/dashboard');\ncy.contains('数据仪表盘').should('be.visible');",
                  "err": {
                    "message": "CypressError: Timed out retrying after 30000ms: `cy.its()` errored because the property: `localStorage.token` does not exist on your subject.\n\n`cy.its()` waited for the specified property `localStorage.token` to exist, but it never did.\n\nIf you do not expect the property `localStorage.token` to exist, then add an assertion such as:\n\n`cy.wrap({ foo: 'bar' }).its('quux').should('not.exist')`\n\nThis error occurred while creating the session. Because the session setup failed, we failed the test.\n\nhttps://on.cypress.io/its\n\nBecause this error occurred during a `before each` hook we are skipping the remaining tests in the current suite: `🎯 全面的端到端测试套件`",
                    "estack": "CypressError: Timed out retrying after 30000ms: `cy.its()` errored because the property: `localStorage.token` does not exist on your subject.\n\n`cy.its()` waited for the specified property `localStorage.token` to exist, but it never did.\n\nIf you do not expect the property `localStorage.token` to exist, then add an assertion such as:\n\n`cy.wrap({ foo: 'bar' }).its('quux').should('not.exist')`\n\nThis error occurred while creating the session. Because the session setup failed, we failed the test.\n\nhttps://on.cypress.io/its\n\nBecause this error occurred during a `before each` hook we are skipping the remaining tests in the current suite: `🎯 全面的端到端测试套件`\n    at <unknown> (http://localhost:5173/__cypress/runner/cypress_runner.js:122911:72)\n    at Object.subjectFn (http://localhost:5173/__cypress/runner/cypress_runner.js:152145:16)\n    at $Cy.verifyUpcomingAssertions (http://localhost:5173/__cypress/runner/cypress_runner.js:151473:31)\n    at onRetry (http://localhost:5173/__cypress/runner/cypress_runner.js:152136:15)\n    at tryCatcher (http://localhost:5173/__cypress/runner/cypress_runner.js:1777:23)\n    at Promise.attempt.Promise.try (http://localhost:5173/__cypress/runner/cypress_runner.js:4285:29)\n    at whenStable (http://localhost:5173/__cypress/runner/cypress_runner.js:152023:68)\n    at <unknown> (http://localhost:5173/__cypress/runner/cypress_runner.js:151964:14)\n    at tryCatcher (http://localhost:5173/__cypress/runner/cypress_runner.js:1777:23)\n    at Promise._settlePromiseFromHandler (http://localhost:5173/__cypress/runner/cypress_runner.js:1489:31)\n    at Promise._settlePromise (http://localhost:5173/__cypress/runner/cypress_runner.js:1546:18)\n    at Promise._settlePromise0 (http://localhost:5173/__cypress/runner/cypress_runner.js:1591:10)\n    at Promise._settlePromises (http://localhost:5173/__cypress/runner/cypress_runner.js:1671:18)\n    at Promise._fulfill (http://localhost:5173/__cypress/runner/cypress_runner.js:1615:18)\n    at <unknown> (http://localhost:5173/__cypress/runner/cypress_runner.js:5420:46)",
                    "diff": null
                  },
                  "uuid": "87dc9c27-7b70-4e6f-b1bf-fa66f0a621e3",
                  "parentUUID": "788c4cbe-d68e-4c1d-80b9-b1c18d08f026",
                  "isHook": false,
                  "skipped": false
                },
                {
                  "title": "应该验证所有登录页面data-cy属性",
                  "fullTitle": "🎯 全面的端到端测试套件 🔐 登录认证模块测试 应该验证所有登录页面data-cy属性",
                  "timedOut": null,
                  "duration": 0,
                  "state": "skipped",
                  "speed": null,
                  "pass": false,
                  "fail": false,
                  "pending": false,
                  "context": null,
                  "code": "cy.visit('/login');\n// 验证登录页面容器\nTestUtils.verifyElement('login-page');\n// 验证登录表单\nTestUtils.verifyElement('login-form');\nTestUtils.verifyElement('login-username-form-item', {\n  text: '用户名'\n});\nTestUtils.verifyElement('login-username-input');\nTestUtils.verifyElement('login-password-form-item', {\n  text: '密码'\n});\nTestUtils.verifyElement('login-password-input');\nTestUtils.verifyElement('login-remember-checkbox', {\n  text: '记住我'\n});\nTestUtils.verifyElement('login-submit-button', {\n  text: '登录'\n});",
                  "err": {},
                  "uuid": "e30ed5e7-80ae-402b-877d-c05a9044406a",
                  "parentUUID": "788c4cbe-d68e-4c1d-80b9-b1c18d08f026",
                  "isHook": false,
                  "skipped": true
                },
                {
                  "title": "应该验证登录表单验证功能",
                  "fullTitle": "🎯 全面的端到端测试套件 🔐 登录认证模块测试 应该验证登录表单验证功能",
                  "timedOut": null,
                  "duration": 0,
                  "state": "skipped",
                  "speed": null,
                  "pass": false,
                  "fail": false,
                  "pending": false,
                  "context": null,
                  "code": "cy.visit('/login');\ncy.get('[data-cy=\"login-submit-button\"]').click();\ncy.get('.el-form-item__error').should('exist');",
                  "err": {},
                  "uuid": "cea75d65-e25e-4376-8dd7-333659dcfc6b",
                  "parentUUID": "788c4cbe-d68e-4c1d-80b9-b1c18d08f026",
                  "isHook": false,
                  "skipped": true
                },
                {
                  "title": "应该处理无效登录凭证",
                  "fullTitle": "🎯 全面的端到端测试套件 🔐 登录认证模块测试 应该处理无效登录凭证",
                  "timedOut": null,
                  "duration": 0,
                  "state": "skipped",
                  "speed": null,
                  "pass": false,
                  "fail": false,
                  "pending": false,
                  "context": null,
                  "code": "cy.visit('/login');\ncy.get('[data-cy=\"login-username-input\"]').type(testData.invalidUser.username);\ncy.get('[data-cy=\"login-password-input\"]').type(testData.invalidUser.password);\ncy.get('[data-cy=\"login-submit-button\"]').click();\ncy.get('.el-message--error', {\n  timeout: 10000\n}).should('be.visible');\ncy.url().should('include', '/login');",
                  "err": {},
                  "uuid": "0d50c1cd-6b3f-41f0-83ff-34f046e1991e",
                  "parentUUID": "788c4cbe-d68e-4c1d-80b9-b1c18d08f026",
                  "isHook": false,
                  "skipped": true
                }
              ],
              "suites": [],
              "passes": [],
              "failures": [
                "87dc9c27-7b70-4e6f-b1bf-fa66f0a621e3"
              ],
              "pending": [],
              "skipped": [
                "e30ed5e7-80ae-402b-877d-c05a9044406a",
                "cea75d65-e25e-4376-8dd7-333659dcfc6b",
                "0d50c1cd-6b3f-41f0-83ff-34f046e1991e"
              ],
              "duration": 31519,
              "root": false,
              "rootEmpty": false,
              "_timeout": 2000
            },
            {
              "uuid": "7698045c-5974-4eea-be06-b7b8c80c35da",
              "title": "📊 仪表盘模块测试",
              "fullFile": "",
              "file": "",
              "beforeHooks": [],
              "afterHooks": [],
              "tests": [
                {
                  "title": "应该加载仪表盘并显示所有关键组件",
                  "fullTitle": "🎯 全面的端到端测试套件 📊 仪表盘模块测试 应该加载仪表盘并显示所有关键组件",
                  "timedOut": null,
                  "duration": 0,
                  "state": "skipped",
                  "speed": null,
                  "pass": false,
                  "fail": false,
                  "pending": false,
                  "context": null,
                  "code": "cy.contains('数据仪表盘').should('be.visible');\n// 验证统计卡片\ncy.get('.stat-card, [class*=\"stat\"]').should('have.length.at.least', 1);",
                  "err": {},
                  "uuid": "1fd3616a-14a3-4745-8b92-75804f200cf6",
                  "parentUUID": null,
                  "isHook": false,
                  "skipped": true
                },
                {
                  "title": "应该验证仪表盘data-cy属性",
                  "fullTitle": "🎯 全面的端到端测试套件 📊 仪表盘模块测试 应该验证仪表盘data-cy属性",
                  "timedOut": null,
                  "duration": 0,
                  "state": "skipped",
                  "speed": null,
                  "pass": false,
                  "fail": false,
                  "pending": false,
                  "context": null,
                  "code": "// 检查常见的仪表盘元素\ncy.get('body').then($body => {\n  // 如果存在data-cy属性则验证\n  if ($body.find('[data-cy*=\"dashboard\"]').length > 0) {\n    cy.get('[data-cy*=\"dashboard\"]').should('be.visible');\n  }\n});",
                  "err": {},
                  "uuid": "1b271542-a614-4ea0-aab6-f41e86950840",
                  "parentUUID": null,
                  "isHook": false,
                  "skipped": true
                }
              ],
              "suites": [],
              "passes": [],
              "failures": [],
              "pending": [],
              "skipped": [
                "1fd3616a-14a3-4745-8b92-75804f200cf6",
                "1b271542-a614-4ea0-aab6-f41e86950840"
              ],
              "duration": 0,
              "root": false,
              "rootEmpty": false,
              "_timeout": 2000
            },
            {
              "uuid": "6532a2fe-2508-48d8-9557-12a67411c234",
              "title": "📥 入库管理模块测试",
              "fullFile": "",
              "file": "",
              "beforeHooks": [],
              "afterHooks": [],
              "tests": [
                {
                  "title": "应该加载入库管理页面并验证所有data-cy属性",
                  "fullTitle": "🎯 全面的端到端测试套件 📥 入库管理模块测试 应该加载入库管理页面并验证所有data-cy属性",
                  "timedOut": null,
                  "duration": 0,
                  "state": "skipped",
                  "speed": null,
                  "pass": false,
                  "fail": false,
                  "pending": false,
                  "context": null,
                  "code": "cy.contains('入库管理').should('be.visible');\n// 验证表格列\nTestUtils.verifyTableColumns('inbound-detail-table', ['inbound-selection-column', 'inbound-index-column', 'inbound-order-no-column', 'inbound-type-column', 'inbound-date-column', 'inbound-status-column', 'inbound-actions-column']);",
                  "err": {},
                  "uuid": "5cd9ee62-1880-4603-91cd-3a40e007aaf6",
                  "parentUUID": null,
                  "isHook": false,
                  "skipped": true
                },
                {
                  "title": "应该验证入库单操作按钮",
                  "fullTitle": "🎯 全面的端到端测试套件 📥 入库管理模块测试 应该验证入库单操作按钮",
                  "timedOut": null,
                  "duration": 0,
                  "state": "skipped",
                  "speed": null,
                  "pass": false,
                  "fail": false,
                  "pending": false,
                  "context": null,
                  "code": "// 验证操作按钮存在\nconst actionButtons = ['inbound-view-btn', 'inbound-edit-btn', 'inbound-delete-btn', 'inbound-create-btn'];\nactionButtons.forEach(btn => {\n  cy.get('body').then($body => {\n    if ($body.find(`[data-cy=\"${btn}\"]`).length > 0) {\n      cy.get(`[data-cy=\"${btn}\"]`).should('exist');\n    }\n  });\n});",
                  "err": {},
                  "uuid": "6a3a0d9a-9d06-478a-8aa3-b084a55c78dd",
                  "parentUUID": null,
                  "isHook": false,
                  "skipped": true
                },
                {
                  "title": "应该能够打开入库单详情对话框",
                  "fullTitle": "🎯 全面的端到端测试套件 📥 入库管理模块测试 应该能够打开入库单详情对话框",
                  "timedOut": null,
                  "duration": 0,
                  "state": "skipped",
                  "speed": null,
                  "pass": false,
                  "fail": false,
                  "pending": false,
                  "context": null,
                  "code": "cy.get('body').then($body => {\n  if ($body.find('[data-cy=\"inbound-view-btn\"]').length > 0) {\n    cy.get('[data-cy=\"inbound-view-btn\"]').first().click();\n    cy.get('[data-cy=\"inbound-detail-dialog\"]').should('be.visible');\n  }\n});",
                  "err": {},
                  "uuid": "49c6653d-455c-4bf4-a040-1763dddc3e88",
                  "parentUUID": null,
                  "isHook": false,
                  "skipped": true
                },
                {
                  "title": "应该验证入库设备表单data-cy属性",
                  "fullTitle": "🎯 全面的端到端测试套件 📥 入库管理模块测试 应该验证入库设备表单data-cy属性",
                  "timedOut": null,
                  "duration": 0,
                  "state": "skipped",
                  "speed": null,
                  "pass": false,
                  "fail": false,
                  "pending": false,
                  "context": null,
                  "code": "// 检查入库创建设备表单元素\nconst formElements = ['inbound-device-mode-group', 'inbound-device-batch-btn', 'inbound-device-single-btn', 'inbound-device-batch-form', 'inbound-device-single-form', 'inbound-device-list-table'];\nformElements.forEach(el => {\n  cy.get('body').then($body => {\n    if ($body.find(`[data-cy=\"${el}\"]`).length > 0) {\n      cy.get(`[data-cy=\"${el}\"]`).should('exist');\n    }\n  });\n});",
                  "err": {},
                  "uuid": "5ccc5222-bed9-49e4-be11-4089742a3023",
                  "parentUUID": null,
                  "isHook": false,
                  "skipped": true
                }
              ],
              "suites": [],
              "passes": [],
              "failures": [],
              "pending": [],
              "skipped": [
                "5cd9ee62-1880-4603-91cd-3a40e007aaf6",
                "6a3a0d9a-9d06-478a-8aa3-b084a55c78dd",
                "49c6653d-455c-4bf4-a040-1763dddc3e88",
                "5ccc5222-bed9-49e4-be11-4089742a3023"
              ],
              "duration": 0,
              "root": false,
              "rootEmpty": false,
              "_timeout": 2000
            },
            {
              "uuid": "c1a999ca-db63-4aa6-a9d4-659b4143496c",
              "title": "📤 出库管理模块测试",
              "fullFile": "",
              "file": "",
              "beforeHooks": [],
              "afterHooks": [],
              "tests": [
                {
                  "title": "应该加载出库管理页面并验证所有data-cy属性",
                  "fullTitle": "🎯 全面的端到端测试套件 📤 出库管理模块测试 应该加载出库管理页面并验证所有data-cy属性",
                  "timedOut": null,
                  "duration": 0,
                  "state": "skipped",
                  "speed": null,
                  "pass": false,
                  "fail": false,
                  "pending": false,
                  "context": null,
                  "code": "cy.contains('出库管理').should('be.visible');\n// 验证页面容器\ncy.get('[data-cy=\"outbound-management-page\"]').should('exist');\n// 验证表格列\nTestUtils.verifyTableColumns('outbound-detail-table', ['outbound-selection-column', 'outbound-order-no-column', 'outbound-date-column', 'outbound-type-column', 'outbound-status-column', 'outbound-actions-column']);",
                  "err": {},
                  "uuid": "0e9b9e41-adfc-4af9-aee6-97e4413e5421",
                  "parentUUID": null,
                  "isHook": false,
                  "skipped": true
                },
                {
                  "title": "应该验证出库单操作按钮",
                  "fullTitle": "🎯 全面的端到端测试套件 📤 出库管理模块测试 应该验证出库单操作按钮",
                  "timedOut": null,
                  "duration": 0,
                  "state": "skipped",
                  "speed": null,
                  "pass": false,
                  "fail": false,
                  "pending": false,
                  "context": null,
                  "code": "const buttons = ['outbound-create-btn', 'outbound-export-btn', 'outbound-guide-btn'];\nbuttons.forEach(btn => {\n  TestUtils.verifyElement(btn);\n});",
                  "err": {},
                  "uuid": "1fc5e181-55c2-45d4-aa2a-5452e5bee996",
                  "parentUUID": null,
                  "isHook": false,
                  "skipped": true
                },
                {
                  "title": "应该验证批量操作栏",
                  "fullTitle": "🎯 全面的端到端测试套件 📤 出库管理模块测试 应该验证批量操作栏",
                  "timedOut": null,
                  "duration": 0,
                  "state": "skipped",
                  "speed": null,
                  "pass": false,
                  "fail": false,
                  "pending": false,
                  "context": null,
                  "code": "// 先选择一行\ncy.get('[data-cy=\"outbound-selection-column\"] .el-checkbox').first().click();\n// 验证批量操作栏显示\ncy.get('[data-cy=\"outbound-batch-operation-bar\"]').should('be.visible');\ncy.get('[data-cy=\"outbound-selected-count\"]').should('contain', '已选择');\ncy.get('[data-cy=\"outbound-clear-selection-btn\"]').should('be.visible');",
                  "err": {},
                  "uuid": "ed6cbacb-26c0-413c-aab7-45aca5256ffe",
                  "parentUUID": null,
                  "isHook": false,
                  "skipped": true
                },
                {
                  "title": "应该能够打开出库单详情",
                  "fullTitle": "🎯 全面的端到端测试套件 📤 出库管理模块测试 应该能够打开出库单详情",
                  "timedOut": null,
                  "duration": 0,
                  "state": "skipped",
                  "speed": null,
                  "pass": false,
                  "fail": false,
                  "pending": false,
                  "context": null,
                  "code": "cy.get('body').then($body => {\n  if ($body.find('[data-cy=\"outbound-view-btn\"]').length > 0) {\n    cy.get('[data-cy=\"outbound-view-btn\"]').first().click();\n    cy.get('[data-cy=\"outbound-detail-dialog\"]').should('be.visible');\n    // 验证详情表格\n    cy.get('[data-cy=\"outbound-detail-table\"]').should('exist');\n  }\n});",
                  "err": {},
                  "uuid": "c2c39c9d-ecb1-4cab-9127-3d26601e28da",
                  "parentUUID": null,
                  "isHook": false,
                  "skipped": true
                }
              ],
              "suites": [],
              "passes": [],
              "failures": [],
              "pending": [],
              "skipped": [
                "0e9b9e41-adfc-4af9-aee6-97e4413e5421",
                "1fc5e181-55c2-45d4-aa2a-5452e5bee996",
                "ed6cbacb-26c0-413c-aab7-45aca5256ffe",
                "c2c39c9d-ecb1-4cab-9127-3d26601e28da"
              ],
              "duration": 0,
              "root": false,
              "rootEmpty": false,
              "_timeout": 2000
            },
            {
              "uuid": "d4f80239-1aae-4f35-bd34-81198a9f5cf9",
              "title": "🏭 仓库管理模块测试",
              "fullFile": "",
              "file": "",
              "beforeHooks": [],
              "afterHooks": [],
              "tests": [],
              "suites": [
                {
                  "uuid": "2738cabf-d54c-4276-a7b6-98de0b3a4dc1",
                  "title": "仓库地图页面",
                  "fullFile": "",
                  "file": "",
                  "beforeHooks": [],
                  "afterHooks": [],
                  "tests": [
                    {
                      "title": "应该加载仓库地图页面并验证data-cy属性",
                      "fullTitle": "🎯 全面的端到端测试套件 🏭 仓库管理模块测试 仓库地图页面 应该加载仓库地图页面并验证data-cy属性",
                      "timedOut": null,
                      "duration": 0,
                      "state": "skipped",
                      "speed": null,
                      "pass": false,
                      "fail": false,
                      "pending": false,
                      "context": null,
                      "code": "cy.get('[data-cy=\"warehouse-map-page\"]').should('exist');\ncy.get('[data-cy=\"warehouse-view-mode-group\"]').should('be.visible');\ncy.get('[data-cy=\"warehouse-view-map-btn\"]').should('be.visible');\ncy.get('[data-cy=\"warehouse-view-list-btn\"]').should('be.visible');",
                      "err": {},
                      "uuid": "5ddd2044-8565-403e-b63b-1e2baac5ef7a",
                      "parentUUID": null,
                      "isHook": false,
                      "skipped": true
                    },
                    {
                      "title": "应该能够在地图和列表视图间切换",
                      "fullTitle": "🎯 全面的端到端测试套件 🏭 仓库管理模块测试 仓库地图页面 应该能够在地图和列表视图间切换",
                      "timedOut": null,
                      "duration": 0,
                      "state": "skipped",
                      "speed": null,
                      "pass": false,
                      "fail": false,
                      "pending": false,
                      "context": null,
                      "code": "// 切换到列表视图\ncy.get('[data-cy=\"warehouse-view-list-btn\"]').click();\ncy.get('[data-cy=\"warehouse-map-table\"]').should('be.visible');\n// 验证搜索和刷新按钮\ncy.get('[data-cy=\"warehouse-list-search-input\"]').should('be.visible');\ncy.get('[data-cy=\"warehouse-list-refresh-btn\"]').should('be.visible');",
                      "err": {},
                      "uuid": "e2be44eb-f162-426b-a909-6e9d17c86b83",
                      "parentUUID": null,
                      "isHook": false,
                      "skipped": true
                    },
                    {
                      "title": "应该能够查看仓库详情",
                      "fullTitle": "🎯 全面的端到端测试套件 🏭 仓库管理模块测试 仓库地图页面 应该能够查看仓库详情",
                      "timedOut": null,
                      "duration": 0,
                      "state": "skipped",
                      "speed": null,
                      "pass": false,
                      "fail": false,
                      "pending": false,
                      "context": null,
                      "code": "// 切换到列表视图\ncy.get('[data-cy=\"warehouse-view-list-btn\"]').click();\ncy.get('body').then($body => {\n  if ($body.find('[data-cy=\"warehouse-list-view-btn\"]').length > 0) {\n    cy.get('[data-cy=\"warehouse-list-view-btn\"]').first().click();\n    cy.get('[data-cy=\"warehouse-detail-dialog\"]').should('be.visible');\n    cy.get('[data-cy=\"warehouse-detail-close-btn\"]').should('be.visible');\n    cy.get('[data-cy=\"warehouse-detail-edit-btn\"]').should('be.visible');\n  }\n});",
                      "err": {},
                      "uuid": "64b02e69-25ae-4356-86e5-1e6b8d72f6f1",
                      "parentUUID": null,
                      "isHook": false,
                      "skipped": true
                    }
                  ],
                  "suites": [],
                  "passes": [],
                  "failures": [],
                  "pending": [],
                  "skipped": [
                    "5ddd2044-8565-403e-b63b-1e2baac5ef7a",
                    "e2be44eb-f162-426b-a909-6e9d17c86b83",
                    "64b02e69-25ae-4356-86e5-1e6b8d72f6f1"
                  ],
                  "duration": 0,
                  "root": false,
                  "rootEmpty": false,
                  "_timeout": 2000
                },
                {
                  "uuid": "dc13573a-80cc-4873-b926-7511847f5a12",
                  "title": "功能区管理页面",
                  "fullFile": "",
                  "file": "",
                  "beforeHooks": [],
                  "afterHooks": [],
                  "tests": [
                    {
                      "title": "应该加载功能区管理页面并验证data-cy属性",
                      "fullTitle": "🎯 全面的端到端测试套件 🏭 仓库管理模块测试 功能区管理页面 应该加载功能区管理页面并验证data-cy属性",
                      "timedOut": null,
                      "duration": 0,
                      "state": "skipped",
                      "speed": null,
                      "pass": false,
                      "fail": false,
                      "pending": false,
                      "context": null,
                      "code": "cy.get('[data-cy=\"warehouse-zone-page\"]').should('exist');\ncy.get('[data-cy=\"warehouse-zone-add-btn\"]').should('be.visible');\ncy.get('[data-cy=\"zone-table\"]').should('be.visible');",
                      "err": {},
                      "uuid": "cbb97f89-5b6b-4a18-a103-0c4e44e8ce8f",
                      "parentUUID": null,
                      "isHook": false,
                      "skipped": true
                    },
                    {
                      "title": "应该能够打开添加功能区对话框",
                      "fullTitle": "🎯 全面的端到端测试套件 🏭 仓库管理模块测试 功能区管理页面 应该能够打开添加功能区对话框",
                      "timedOut": null,
                      "duration": 0,
                      "state": "skipped",
                      "speed": null,
                      "pass": false,
                      "fail": false,
                      "pending": false,
                      "context": null,
                      "code": "cy.get('[data-cy=\"warehouse-zone-add-btn\"]').click();\ncy.get('[data-cy=\"warehouse-zone-dialog\"]').should('be.visible');\ncy.get('[data-cy=\"warehouse-zone-form\"]').should('be.visible');\n// 验证表单字段\ncy.get('[data-cy=\"warehouse-zone-code-input\"]').should('be.visible');\ncy.get('[data-cy=\"warehouse-zone-name-input\"]').should('be.visible');\ncy.get('[data-cy=\"warehouse-zone-warehouse-select\"]').should('be.visible');\ncy.get('[data-cy=\"warehouse-zone-type-select\"]').should('be.visible');\ncy.get('[data-cy=\"warehouse-zone-remark-input\"]').should('be.visible');\n// 验证按钮\ncy.get('[data-cy=\"warehouse-zone-cancel-btn\"]').should('be.visible');\ncy.get('[data-cy=\"warehouse-zone-submit-btn\"]').should('be.visible');",
                      "err": {},
                      "uuid": "6ef8f512-9581-464d-8ccc-687dd539e189",
                      "parentUUID": null,
                      "isHook": false,
                      "skipped": true
                    },
                    {
                      "title": "应该验证分页组件",
                      "fullTitle": "🎯 全面的端到端测试套件 🏭 仓库管理模块测试 功能区管理页面 应该验证分页组件",
                      "timedOut": null,
                      "duration": 0,
                      "state": "skipped",
                      "speed": null,
                      "pass": false,
                      "fail": false,
                      "pending": false,
                      "context": null,
                      "code": "cy.get('[data-cy=\"warehouse-zone-pagination\"]').should('exist');",
                      "err": {},
                      "uuid": "a719e59f-6f22-4452-b397-581f409e8347",
                      "parentUUID": null,
                      "isHook": false,
                      "skipped": true
                    }
                  ],
                  "suites": [],
                  "passes": [],
                  "failures": [],
                  "pending": [],
                  "skipped": [
                    "cbb97f89-5b6b-4a18-a103-0c4e44e8ce8f",
                    "6ef8f512-9581-464d-8ccc-687dd539e189",
                    "a719e59f-6f22-4452-b397-581f409e8347"
                  ],
                  "duration": 0,
                  "root": false,
                  "rootEmpty": false,
                  "_timeout": 2000
                }
              ],
              "passes": [],
              "failures": [],
              "pending": [],
              "skipped": [],
              "duration": 0,
              "root": false,
              "rootEmpty": false,
              "_timeout": 2000
            },
            {
              "uuid": "632fe806-74b9-4a88-922c-45daf022af42",
              "title": "⚙️ 系统管理模块测试",
              "fullFile": "",
              "file": "",
              "beforeHooks": [],
              "afterHooks": [],
              "tests": [],
              "suites": [
                {
                  "uuid": "904d063f-4395-4cf9-a276-9bd05d7db9a6",
                  "title": "用户管理页面",
                  "fullFile": "",
                  "file": "",
                  "beforeHooks": [],
                  "afterHooks": [],
                  "tests": [
                    {
                      "title": "应该加载用户管理页面",
                      "fullTitle": "🎯 全面的端到端测试套件 ⚙️ 系统管理模块测试 用户管理页面 应该加载用户管理页面",
                      "timedOut": null,
                      "duration": 0,
                      "state": "skipped",
                      "speed": null,
                      "pass": false,
                      "fail": false,
                      "pending": false,
                      "context": null,
                      "code": "cy.contains('用户管理').should('be.visible');",
                      "err": {},
                      "uuid": "9e61b8c9-5d51-4762-a479-319db1fa3edb",
                      "parentUUID": null,
                      "isHook": false,
                      "skipped": true
                    }
                  ],
                  "suites": [],
                  "passes": [],
                  "failures": [],
                  "pending": [],
                  "skipped": [
                    "9e61b8c9-5d51-4762-a479-319db1fa3edb"
                  ],
                  "duration": 0,
                  "root": false,
                  "rootEmpty": false,
                  "_timeout": 2000
                },
                {
                  "uuid": "20d860ab-3add-4992-8022-353edd07ed5b",
                  "title": "角色管理页面",
                  "fullFile": "",
                  "file": "",
                  "beforeHooks": [],
                  "afterHooks": [],
                  "tests": [
                    {
                      "title": "应该加载角色管理页面",
                      "fullTitle": "🎯 全面的端到端测试套件 ⚙️ 系统管理模块测试 角色管理页面 应该加载角色管理页面",
                      "timedOut": null,
                      "duration": 0,
                      "state": "skipped",
                      "speed": null,
                      "pass": false,
                      "fail": false,
                      "pending": false,
                      "context": null,
                      "code": "cy.contains('角色管理').should('be.visible');",
                      "err": {},
                      "uuid": "f31cdaf1-b059-4e72-bbab-d2fc982ae3dc",
                      "parentUUID": null,
                      "isHook": false,
                      "skipped": true
                    }
                  ],
                  "suites": [],
                  "passes": [],
                  "failures": [],
                  "pending": [],
                  "skipped": [
                    "f31cdaf1-b059-4e72-bbab-d2fc982ae3dc"
                  ],
                  "duration": 0,
                  "root": false,
                  "rootEmpty": false,
                  "_timeout": 2000
                }
              ],
              "passes": [],
              "failures": [],
              "pending": [],
              "skipped": [],
              "duration": 0,
              "root": false,
              "rootEmpty": false,
              "_timeout": 2000
            },
            {
              "uuid": "2175d6ed-0ec1-48ca-af44-c5bcc68a5dcb",
              "title": "📋 库存盘点模块测试",
              "fullFile": "",
              "file": "",
              "beforeHooks": [],
              "afterHooks": [],
              "tests": [
                {
                  "title": "应该加载库存盘点页面并验证data-cy属性",
                  "fullTitle": "🎯 全面的端到端测试套件 📋 库存盘点模块测试 应该加载库存盘点页面并验证data-cy属性",
                  "timedOut": null,
                  "duration": 0,
                  "state": "skipped",
                  "speed": null,
                  "pass": false,
                  "fail": false,
                  "pending": false,
                  "context": null,
                  "code": "cy.contains('盘点').should('be.visible');\n// 验证表格列\nconst columns = ['stock-count-index-column', 'stock-count-no-column', 'stock-count-type-column', 'stock-count-date-column', 'stock-count-warehouse-column', 'stock-count-status-column'];\ncolumns.forEach(col => {\n  cy.get('body').then($body => {\n    if ($body.find(`[data-cy=\"${col}\"]`).length > 0) {\n      cy.get(`[data-cy=\"${col}\"]`).should('exist');\n    }\n  });\n});",
                  "err": {},
                  "uuid": "5fe8a971-748e-40e6-8492-e0c352ce95a1",
                  "parentUUID": null,
                  "isHook": false,
                  "skipped": true
                }
              ],
              "suites": [],
              "passes": [],
              "failures": [],
              "pending": [],
              "skipped": [
                "5fe8a971-748e-40e6-8492-e0c352ce95a1"
              ],
              "duration": 0,
              "root": false,
              "rootEmpty": false,
              "_timeout": 2000
            },
            {
              "uuid": "64f3b935-66d7-45d7-9ebf-98f8c8f5c9fa",
              "title": "🔧 设备管理模块测试",
              "fullFile": "",
              "file": "",
              "beforeHooks": [],
              "afterHooks": [],
              "tests": [
                {
                  "title": "应该加载设备列表页面",
                  "fullTitle": "🎯 全面的端到端测试套件 🔧 设备管理模块测试 应该加载设备列表页面",
                  "timedOut": null,
                  "duration": 0,
                  "state": "skipped",
                  "speed": null,
                  "pass": false,
                  "fail": false,
                  "pending": false,
                  "context": null,
                  "code": "cy.contains('设备').should('be.visible');",
                  "err": {},
                  "uuid": "7f541f32-a8c8-4540-80bd-070b05a31c2c",
                  "parentUUID": null,
                  "isHook": false,
                  "skipped": true
                }
              ],
              "suites": [],
              "passes": [],
              "failures": [],
              "pending": [],
              "skipped": [
                "7f541f32-a8c8-4540-80bd-070b05a31c2c"
              ],
              "duration": 0,
              "root": false,
              "rootEmpty": false,
              "_timeout": 2000
            },
            {
              "uuid": "bf75b084-8bad-4450-af32-b82595820547",
              "title": "⚠️ 边界情况和异常处理测试",
              "fullFile": "",
              "file": "",
              "beforeHooks": [],
              "afterHooks": [],
              "tests": [
                {
                  "title": "应该处理404页面",
                  "fullTitle": "🎯 全面的端到端测试套件 ⚠️ 边界情况和异常处理测试 应该处理404页面",
                  "timedOut": null,
                  "duration": 0,
                  "state": "skipped",
                  "speed": null,
                  "pass": false,
                  "fail": false,
                  "pending": false,
                  "context": null,
                  "code": "cy.visit('/non-existent-page-12345');\ncy.contains('404').should('be.visible');",
                  "err": {},
                  "uuid": "dba77d19-df92-4cd5-94bc-b9341e9c00b8",
                  "parentUUID": null,
                  "isHook": false,
                  "skipped": true
                },
                {
                  "title": "应该处理未授权访问",
                  "fullTitle": "🎯 全面的端到端测试套件 ⚠️ 边界情况和异常处理测试 应该处理未授权访问",
                  "timedOut": null,
                  "duration": 0,
                  "state": "skipped",
                  "speed": null,
                  "pass": false,
                  "fail": false,
                  "pending": false,
                  "context": null,
                  "code": "// 清除登录状态\ncy.window().then(win => {\n  win.localStorage.clear();\n});\n// 尝试访问受保护页面\ncy.visit('/inventory-management/inbound');\ncy.url().should('include', '/login');",
                  "err": {},
                  "uuid": "174e6dba-c0cd-4be2-ac2a-aca2fa1dd3d3",
                  "parentUUID": null,
                  "isHook": false,
                  "skipped": true
                },
                {
                  "title": "应该验证所有data-cy属性的唯一性",
                  "fullTitle": "🎯 全面的端到端测试套件 ⚠️ 边界情况和异常处理测试 应该验证所有data-cy属性的唯一性",
                  "timedOut": null,
                  "duration": 0,
                  "state": "skipped",
                  "speed": null,
                  "pass": false,
                  "fail": false,
                  "pending": false,
                  "context": null,
                  "code": "cy.visit('/inventory-management/inbound');\n// 收集页面上所有的data-cy属性\ncy.get('[data-cy]').then($elements => {\n  const dataCyValues = [];\n  $elements.each((index, element) => {\n    dataCyValues.push(element.getAttribute('data-cy'));\n  });\n  // 检查重复\n  const duplicates = dataCyValues.filter((item, index) => dataCyValues.indexOf(item) !== index);\n  expect(duplicates).to.have.length(0, `发现重复的data-cy属性: ${duplicates.join(', ')}`);\n});",
                  "err": {},
                  "uuid": "d431b4f0-01d4-4f23-bd18-b5bc130cdac9",
                  "parentUUID": null,
                  "isHook": false,
                  "skipped": true
                }
              ],
              "suites": [],
              "passes": [],
              "failures": [],
              "pending": [],
              "skipped": [
                "dba77d19-df92-4cd5-94bc-b9341e9c00b8",
                "174e6dba-c0cd-4be2-ac2a-aca2fa1dd3d3",
                "d431b4f0-01d4-4f23-bd18-b5bc130cdac9"
              ],
              "duration": 0,
              "root": false,
              "rootEmpty": false,
              "_timeout": 2000
            },
            {
              "uuid": "264353cf-a415-4db3-8faa-2ce5bd5ca072",
              "title": "⚡ 性能测试",
              "fullFile": "",
              "file": "",
              "beforeHooks": [],
              "afterHooks": [],
              "tests": [
                {
                  "title": "应该验证页面加载时间",
                  "fullTitle": "🎯 全面的端到端测试套件 ⚡ 性能测试 应该验证页面加载时间",
                  "timedOut": null,
                  "duration": 0,
                  "state": "skipped",
                  "speed": null,
                  "pass": false,
                  "fail": false,
                  "pending": false,
                  "context": null,
                  "code": "const startTime = Date.now();\ncy.visit('/dashboard');\ncy.contains('数据仪表盘', {\n  timeout: 15000\n}).should('be.visible');\ncy.window().then(() => {\n  const loadTime = Date.now() - startTime;\n  cy.log(`页面加载时间: ${loadTime}ms`);\n  expect(loadTime).to.be.lessThan(10000, '页面加载时间应小于10秒');\n});",
                  "err": {},
                  "uuid": "16452136-1ad1-43c5-b05c-02235a66ec6e",
                  "parentUUID": null,
                  "isHook": false,
                  "skipped": true
                },
                {
                  "title": "应该验证表格渲染性能",
                  "fullTitle": "🎯 全面的端到端测试套件 ⚡ 性能测试 应该验证表格渲染性能",
                  "timedOut": null,
                  "duration": 0,
                  "state": "skipped",
                  "speed": null,
                  "pass": false,
                  "fail": false,
                  "pending": false,
                  "context": null,
                  "code": "cy.visit('/inventory-management/inbound');\nconst startTime = Date.now();\ncy.get('.el-table, table', {\n  timeout: 15000\n}).should('be.visible');\ncy.window().then(() => {\n  const renderTime = Date.now() - startTime;\n  cy.log(`表格渲染时间: ${renderTime}ms`);\n  expect(renderTime).to.be.lessThan(5000, '表格渲染时间应小于5秒');\n});",
                  "err": {},
                  "uuid": "880c9ab7-d569-495f-b78d-ec8f6d2f39be",
                  "parentUUID": null,
                  "isHook": false,
                  "skipped": true
                }
              ],
              "suites": [],
              "passes": [],
              "failures": [],
              "pending": [],
              "skipped": [
                "16452136-1ad1-43c5-b05c-02235a66ec6e",
                "880c9ab7-d569-495f-b78d-ec8f6d2f39be"
              ],
              "duration": 0,
              "root": false,
              "rootEmpty": false,
              "_timeout": 2000
            }
          ],
          "passes": [],
          "failures": [],
          "pending": [],
          "skipped": [],
          "duration": 0,
          "root": false,
          "rootEmpty": false,
          "_timeout": 2000
        }
      ],
      "passes": [],
      "failures": [],
      "pending": [],
      "skipped": [],
      "duration": 0,
      "root": true,
      "rootEmpty": true,
      "_timeout": 2000
    }
  ],
  "meta": {
    "mocha": {
      "version": "7.2.0"
    },
    "mochawesome": {
      "options": {
        "quiet": false,
        "reportFilename": "mochawesome",
        "saveHtml": false,
        "saveJson": true,
        "consoleReporter": "spec",
        "useInlineDiffs": false,
        "code": true
      },
      "version": "7.1.4"
    },
    "marge": {
      "options": {
        "charts": true,
        "reportPageTitle": "WMS E2E Test Report",
        "embeddedScreenshots": true,
        "inlineAssets": true,
        "saveAllAttempts": false,
        "reportDir": "tests\\cypress\\reports\\.jsons",
        "overwrite": false,
        "html": false,
        "json": true
      },
      "version": "6.3.2"
    }
  }
}