{
  "stats": {
    "suites": 8,
    "tests": 20,
    "passes": 16,
    "pending": 0,
    "failures": 4,
    "start": "2026-02-26T13:17:31.204Z",
    "end": "2026-02-26T13:24:24.559Z",
    "duration": 413355,
    "testsRegistered": 20,
    "passPercent": 80,
    "pendingPercent": 0,
    "other": 0,
    "hasOther": false,
    "skipped": 0,
    "hasSkipped": false
  },
  "results": [
    {
      "uuid": "fce8c5f1-553b-4bdc-99b0-7a72a4d177e4",
      "title": "",
      "fullFile": "tests\\cypress\\e2e\\data-cy-validation-test.cy.js",
      "file": "tests\\cypress\\e2e\\data-cy-validation-test.cy.js",
      "beforeHooks": [],
      "afterHooks": [],
      "tests": [],
      "suites": [
        {
          "uuid": "bcb8d458-019b-47c6-b186-70aa8713bdbf",
          "title": "🔍 data-cy 属性全面验证测试",
          "fullFile": "",
          "file": "",
          "beforeHooks": [],
          "afterHooks": [],
          "tests": [],
          "suites": [
            {
              "uuid": "c40a51b6-ece8-41e7-b6e4-e2e61cbff1d0",
              "title": "📄 页面级data-cy属性验证",
              "fullFile": "",
              "file": "",
              "beforeHooks": [],
              "afterHooks": [],
              "tests": [
                {
                  "title": "应该验证 登录页面 的data-cy属性",
                  "fullTitle": "🔍 data-cy 属性全面验证测试 📄 页面级data-cy属性验证 应该验证 登录页面 的data-cy属性",
                  "timedOut": null,
                  "duration": 3039,
                  "state": "passed",
                  "speed": "fast",
                  "pass": true,
                  "fail": false,
                  "pending": false,
                  "context": null,
                  "code": "cy.visit(page.path, {\n  failOnStatusCode: false\n});\ncy.wait(2000); // 等待页面加载\n// 收集该页面的所有data-cy属性\ncy.get('[data-cy]').then($elements => {\n  const pageAttributes = [];\n  $elements.each((index, element) => {\n    const dataCy = element.getAttribute('data-cy');\n    if (dataCy) {\n      pageAttributes.push(dataCy);\n      allDataCyAttributes.add(dataCy);\n    }\n  });\n  pageDataCyMap[page.name] = pageAttributes;\n  cy.log(`${page.name} 发现 ${pageAttributes.length} 个data-cy属性`);\n  // 验证至少有一些data-cy属性\n  if (pageAttributes.length === 0) {\n    cy.log(`⚠️ ${page.name} 没有发现data-cy属性`);\n  }\n});",
                  "err": {},
                  "uuid": "ae612977-eb4b-432a-a893-7fb7c2a309cc",
                  "parentUUID": "c40a51b6-ece8-41e7-b6e4-e2e61cbff1d0",
                  "isHook": false,
                  "skipped": false
                },
                {
                  "title": "应该验证 仪表盘 的data-cy属性",
                  "fullTitle": "🔍 data-cy 属性全面验证测试 📄 页面级data-cy属性验证 应该验证 仪表盘 的data-cy属性",
                  "timedOut": null,
                  "duration": 2219,
                  "state": "passed",
                  "speed": "fast",
                  "pass": true,
                  "fail": false,
                  "pending": false,
                  "context": null,
                  "code": "cy.visit(page.path, {\n  failOnStatusCode: false\n});\ncy.wait(2000); // 等待页面加载\n// 收集该页面的所有data-cy属性\ncy.get('[data-cy]').then($elements => {\n  const pageAttributes = [];\n  $elements.each((index, element) => {\n    const dataCy = element.getAttribute('data-cy');\n    if (dataCy) {\n      pageAttributes.push(dataCy);\n      allDataCyAttributes.add(dataCy);\n    }\n  });\n  pageDataCyMap[page.name] = pageAttributes;\n  cy.log(`${page.name} 发现 ${pageAttributes.length} 个data-cy属性`);\n  // 验证至少有一些data-cy属性\n  if (pageAttributes.length === 0) {\n    cy.log(`⚠️ ${page.name} 没有发现data-cy属性`);\n  }\n});",
                  "err": {},
                  "uuid": "62340175-37b9-4570-8293-83552b33f7c0",
                  "parentUUID": "c40a51b6-ece8-41e7-b6e4-e2e61cbff1d0",
                  "isHook": false,
                  "skipped": false
                },
                {
                  "title": "应该验证 入库管理 的data-cy属性",
                  "fullTitle": "🔍 data-cy 属性全面验证测试 📄 页面级data-cy属性验证 应该验证 入库管理 的data-cy属性",
                  "timedOut": null,
                  "duration": 2218,
                  "state": "passed",
                  "speed": "fast",
                  "pass": true,
                  "fail": false,
                  "pending": false,
                  "context": null,
                  "code": "cy.visit(page.path, {\n  failOnStatusCode: false\n});\ncy.wait(2000); // 等待页面加载\n// 收集该页面的所有data-cy属性\ncy.get('[data-cy]').then($elements => {\n  const pageAttributes = [];\n  $elements.each((index, element) => {\n    const dataCy = element.getAttribute('data-cy');\n    if (dataCy) {\n      pageAttributes.push(dataCy);\n      allDataCyAttributes.add(dataCy);\n    }\n  });\n  pageDataCyMap[page.name] = pageAttributes;\n  cy.log(`${page.name} 发现 ${pageAttributes.length} 个data-cy属性`);\n  // 验证至少有一些data-cy属性\n  if (pageAttributes.length === 0) {\n    cy.log(`⚠️ ${page.name} 没有发现data-cy属性`);\n  }\n});",
                  "err": {},
                  "uuid": "780a739c-c53c-437d-a567-3aed466cdf1f",
                  "parentUUID": "c40a51b6-ece8-41e7-b6e4-e2e61cbff1d0",
                  "isHook": false,
                  "skipped": false
                },
                {
                  "title": "应该验证 出库管理 的data-cy属性",
                  "fullTitle": "🔍 data-cy 属性全面验证测试 📄 页面级data-cy属性验证 应该验证 出库管理 的data-cy属性",
                  "timedOut": null,
                  "duration": 2185,
                  "state": "passed",
                  "speed": "fast",
                  "pass": true,
                  "fail": false,
                  "pending": false,
                  "context": null,
                  "code": "cy.visit(page.path, {\n  failOnStatusCode: false\n});\ncy.wait(2000); // 等待页面加载\n// 收集该页面的所有data-cy属性\ncy.get('[data-cy]').then($elements => {\n  const pageAttributes = [];\n  $elements.each((index, element) => {\n    const dataCy = element.getAttribute('data-cy');\n    if (dataCy) {\n      pageAttributes.push(dataCy);\n      allDataCyAttributes.add(dataCy);\n    }\n  });\n  pageDataCyMap[page.name] = pageAttributes;\n  cy.log(`${page.name} 发现 ${pageAttributes.length} 个data-cy属性`);\n  // 验证至少有一些data-cy属性\n  if (pageAttributes.length === 0) {\n    cy.log(`⚠️ ${page.name} 没有发现data-cy属性`);\n  }\n});",
                  "err": {},
                  "uuid": "09d093ea-be8d-4f6f-8a19-026c5a753eae",
                  "parentUUID": "c40a51b6-ece8-41e7-b6e4-e2e61cbff1d0",
                  "isHook": false,
                  "skipped": false
                },
                {
                  "title": "应该验证 库存盘点 的data-cy属性",
                  "fullTitle": "🔍 data-cy 属性全面验证测试 📄 页面级data-cy属性验证 应该验证 库存盘点 的data-cy属性",
                  "timedOut": null,
                  "duration": 2231,
                  "state": "passed",
                  "speed": "fast",
                  "pass": true,
                  "fail": false,
                  "pending": false,
                  "context": null,
                  "code": "cy.visit(page.path, {\n  failOnStatusCode: false\n});\ncy.wait(2000); // 等待页面加载\n// 收集该页面的所有data-cy属性\ncy.get('[data-cy]').then($elements => {\n  const pageAttributes = [];\n  $elements.each((index, element) => {\n    const dataCy = element.getAttribute('data-cy');\n    if (dataCy) {\n      pageAttributes.push(dataCy);\n      allDataCyAttributes.add(dataCy);\n    }\n  });\n  pageDataCyMap[page.name] = pageAttributes;\n  cy.log(`${page.name} 发现 ${pageAttributes.length} 个data-cy属性`);\n  // 验证至少有一些data-cy属性\n  if (pageAttributes.length === 0) {\n    cy.log(`⚠️ ${page.name} 没有发现data-cy属性`);\n  }\n});",
                  "err": {},
                  "uuid": "5421c78d-8c7c-432f-a27a-dab2cb8f550c",
                  "parentUUID": "c40a51b6-ece8-41e7-b6e4-e2e61cbff1d0",
                  "isHook": false,
                  "skipped": false
                },
                {
                  "title": "应该验证 仓库地图 的data-cy属性",
                  "fullTitle": "🔍 data-cy 属性全面验证测试 📄 页面级data-cy属性验证 应该验证 仓库地图 的data-cy属性",
                  "timedOut": null,
                  "duration": 2205,
                  "state": "passed",
                  "speed": "fast",
                  "pass": true,
                  "fail": false,
                  "pending": false,
                  "context": null,
                  "code": "cy.visit(page.path, {\n  failOnStatusCode: false\n});\ncy.wait(2000); // 等待页面加载\n// 收集该页面的所有data-cy属性\ncy.get('[data-cy]').then($elements => {\n  const pageAttributes = [];\n  $elements.each((index, element) => {\n    const dataCy = element.getAttribute('data-cy');\n    if (dataCy) {\n      pageAttributes.push(dataCy);\n      allDataCyAttributes.add(dataCy);\n    }\n  });\n  pageDataCyMap[page.name] = pageAttributes;\n  cy.log(`${page.name} 发现 ${pageAttributes.length} 个data-cy属性`);\n  // 验证至少有一些data-cy属性\n  if (pageAttributes.length === 0) {\n    cy.log(`⚠️ ${page.name} 没有发现data-cy属性`);\n  }\n});",
                  "err": {},
                  "uuid": "84511bde-c348-4066-8c3b-d14ad419a1b3",
                  "parentUUID": "c40a51b6-ece8-41e7-b6e4-e2e61cbff1d0",
                  "isHook": false,
                  "skipped": false
                },
                {
                  "title": "应该验证 功能区管理 的data-cy属性",
                  "fullTitle": "🔍 data-cy 属性全面验证测试 📄 页面级data-cy属性验证 应该验证 功能区管理 的data-cy属性",
                  "timedOut": null,
                  "duration": 2189,
                  "state": "passed",
                  "speed": "fast",
                  "pass": true,
                  "fail": false,
                  "pending": false,
                  "context": null,
                  "code": "cy.visit(page.path, {\n  failOnStatusCode: false\n});\ncy.wait(2000); // 等待页面加载\n// 收集该页面的所有data-cy属性\ncy.get('[data-cy]').then($elements => {\n  const pageAttributes = [];\n  $elements.each((index, element) => {\n    const dataCy = element.getAttribute('data-cy');\n    if (dataCy) {\n      pageAttributes.push(dataCy);\n      allDataCyAttributes.add(dataCy);\n    }\n  });\n  pageDataCyMap[page.name] = pageAttributes;\n  cy.log(`${page.name} 发现 ${pageAttributes.length} 个data-cy属性`);\n  // 验证至少有一些data-cy属性\n  if (pageAttributes.length === 0) {\n    cy.log(`⚠️ ${page.name} 没有发现data-cy属性`);\n  }\n});",
                  "err": {},
                  "uuid": "34b66191-9770-4d57-a8f3-556d3c84cf85",
                  "parentUUID": "c40a51b6-ece8-41e7-b6e4-e2e61cbff1d0",
                  "isHook": false,
                  "skipped": false
                },
                {
                  "title": "应该验证 用户管理 的data-cy属性",
                  "fullTitle": "🔍 data-cy 属性全面验证测试 📄 页面级data-cy属性验证 应该验证 用户管理 的data-cy属性",
                  "timedOut": null,
                  "duration": 32149,
                  "state": "failed",
                  "speed": null,
                  "pass": false,
                  "fail": true,
                  "pending": false,
                  "context": null,
                  "code": "cy.visit(page.path, {\n  failOnStatusCode: false\n});\ncy.wait(2000); // 等待页面加载\n// 收集该页面的所有data-cy属性\ncy.get('[data-cy]').then($elements => {\n  const pageAttributes = [];\n  $elements.each((index, element) => {\n    const dataCy = element.getAttribute('data-cy');\n    if (dataCy) {\n      pageAttributes.push(dataCy);\n      allDataCyAttributes.add(dataCy);\n    }\n  });\n  pageDataCyMap[page.name] = pageAttributes;\n  cy.log(`${page.name} 发现 ${pageAttributes.length} 个data-cy属性`);\n  // 验证至少有一些data-cy属性\n  if (pageAttributes.length === 0) {\n    cy.log(`⚠️ ${page.name} 没有发现data-cy属性`);\n  }\n});",
                  "err": {
                    "message": "AssertionError: Timed out retrying after 30000ms: Expected to find element: `[data-cy]`, but never found it.",
                    "estack": "AssertionError: Timed out retrying after 30000ms: Expected to find element: `[data-cy]`, but never found it.\n    at Context.eval (webpack:///../tests/cypress/e2e/data-cy-validation-test.cy.js:43:11)",
                    "diff": null
                  },
                  "uuid": "8402e097-1596-4f7a-981d-06ecb3344496",
                  "parentUUID": "c40a51b6-ece8-41e7-b6e4-e2e61cbff1d0",
                  "isHook": false,
                  "skipped": false
                },
                {
                  "title": "应该验证 角色管理 的data-cy属性",
                  "fullTitle": "🔍 data-cy 属性全面验证测试 📄 页面级data-cy属性验证 应该验证 角色管理 的data-cy属性",
                  "timedOut": null,
                  "duration": 32499,
                  "state": "failed",
                  "speed": null,
                  "pass": false,
                  "fail": true,
                  "pending": false,
                  "context": null,
                  "code": "cy.visit(page.path, {\n  failOnStatusCode: false\n});\ncy.wait(2000); // 等待页面加载\n// 收集该页面的所有data-cy属性\ncy.get('[data-cy]').then($elements => {\n  const pageAttributes = [];\n  $elements.each((index, element) => {\n    const dataCy = element.getAttribute('data-cy');\n    if (dataCy) {\n      pageAttributes.push(dataCy);\n      allDataCyAttributes.add(dataCy);\n    }\n  });\n  pageDataCyMap[page.name] = pageAttributes;\n  cy.log(`${page.name} 发现 ${pageAttributes.length} 个data-cy属性`);\n  // 验证至少有一些data-cy属性\n  if (pageAttributes.length === 0) {\n    cy.log(`⚠️ ${page.name} 没有发现data-cy属性`);\n  }\n});",
                  "err": {
                    "message": "AssertionError: Timed out retrying after 30000ms: Expected to find element: `[data-cy]`, but never found it.",
                    "estack": "AssertionError: Timed out retrying after 30000ms: Expected to find element: `[data-cy]`, but never found it.\n    at Context.eval (webpack:///../tests/cypress/e2e/data-cy-validation-test.cy.js:43:11)",
                    "diff": null
                  },
                  "uuid": "c969abdd-ea47-4226-b3da-f7891002783e",
                  "parentUUID": "c40a51b6-ece8-41e7-b6e4-e2e61cbff1d0",
                  "isHook": false,
                  "skipped": false
                },
                {
                  "title": "应该验证 设备列表 的data-cy属性",
                  "fullTitle": "🔍 data-cy 属性全面验证测试 📄 页面级data-cy属性验证 应该验证 设备列表 的data-cy属性",
                  "timedOut": null,
                  "duration": 2294,
                  "state": "passed",
                  "speed": "fast",
                  "pass": true,
                  "fail": false,
                  "pending": false,
                  "context": null,
                  "code": "cy.visit(page.path, {\n  failOnStatusCode: false\n});\ncy.wait(2000); // 等待页面加载\n// 收集该页面的所有data-cy属性\ncy.get('[data-cy]').then($elements => {\n  const pageAttributes = [];\n  $elements.each((index, element) => {\n    const dataCy = element.getAttribute('data-cy');\n    if (dataCy) {\n      pageAttributes.push(dataCy);\n      allDataCyAttributes.add(dataCy);\n    }\n  });\n  pageDataCyMap[page.name] = pageAttributes;\n  cy.log(`${page.name} 发现 ${pageAttributes.length} 个data-cy属性`);\n  // 验证至少有一些data-cy属性\n  if (pageAttributes.length === 0) {\n    cy.log(`⚠️ ${page.name} 没有发现data-cy属性`);\n  }\n});",
                  "err": {},
                  "uuid": "3431a592-0988-4069-9fbd-cb1983c9e1c5",
                  "parentUUID": "c40a51b6-ece8-41e7-b6e4-e2e61cbff1d0",
                  "isHook": false,
                  "skipped": false
                }
              ],
              "suites": [],
              "passes": [
                "ae612977-eb4b-432a-a893-7fb7c2a309cc",
                "62340175-37b9-4570-8293-83552b33f7c0",
                "780a739c-c53c-437d-a567-3aed466cdf1f",
                "09d093ea-be8d-4f6f-8a19-026c5a753eae",
                "5421c78d-8c7c-432f-a27a-dab2cb8f550c",
                "84511bde-c348-4066-8c3b-d14ad419a1b3",
                "34b66191-9770-4d57-a8f3-556d3c84cf85",
                "3431a592-0988-4069-9fbd-cb1983c9e1c5"
              ],
              "failures": [
                "8402e097-1596-4f7a-981d-06ecb3344496",
                "c969abdd-ea47-4226-b3da-f7891002783e"
              ],
              "pending": [],
              "skipped": [],
              "duration": 83228,
              "root": false,
              "rootEmpty": false,
              "_timeout": 2000
            },
            {
              "uuid": "9e8a2549-082d-462d-a69c-d878b35c3d65",
              "title": "🔐 登录页面详细验证",
              "fullFile": "",
              "file": "",
              "beforeHooks": [],
              "afterHooks": [],
              "tests": [
                {
                  "title": "应该验证登录页面所有data-cy元素可见性",
                  "fullTitle": "🔍 data-cy 属性全面验证测试 🔐 登录页面详细验证 应该验证登录页面所有data-cy元素可见性",
                  "timedOut": null,
                  "duration": 1270,
                  "state": "passed",
                  "speed": "fast",
                  "pass": true,
                  "fail": false,
                  "pending": false,
                  "context": null,
                  "code": "const loginElements = [{\n  selector: 'login-page',\n  name: '登录页面容器'\n}, {\n  selector: 'login-form',\n  name: '登录表单'\n}, {\n  selector: 'login-username-form-item',\n  name: '用户名字段'\n}, {\n  selector: 'login-username-input',\n  name: '用户名输入框'\n}, {\n  selector: 'login-password-form-item',\n  name: '密码字段'\n}, {\n  selector: 'login-password-input',\n  name: '密码输入框'\n}, {\n  selector: 'login-remember-checkbox',\n  name: '记住我复选框'\n}, {\n  selector: 'login-submit-button',\n  name: '登录按钮'\n}];\nloginElements.forEach(el => {\n  cy.get(`[data-cy=\"${el.selector}\"]`).should('exist').and('be.visible');\n  cy.log(`✅ ${el.name} (${el.selector}) 验证通过`);\n});",
                  "err": {},
                  "uuid": "20637cf2-f1c1-415b-9210-aa113b0d4435",
                  "parentUUID": "9e8a2549-082d-462d-a69c-d878b35c3d65",
                  "isHook": false,
                  "skipped": false
                },
                {
                  "title": "应该验证登录表单交互功能",
                  "fullTitle": "🔍 data-cy 属性全面验证测试 🔐 登录页面详细验证 应该验证登录表单交互功能",
                  "timedOut": null,
                  "duration": 31389,
                  "state": "failed",
                  "speed": null,
                  "pass": false,
                  "fail": true,
                  "pending": false,
                  "context": null,
                  "code": "// 输入用户名\ncy.get('[data-cy=\"login-username-input\"]').type('testuser').should('have.value', 'testuser');\n// 输入密码\ncy.get('[data-cy=\"login-password-input\"]').type('testpassword').should('have.value', 'testpassword');\n// 点击记住我\ncy.get('[data-cy=\"login-remember-checkbox\"]').click();",
                  "err": {
                    "message": "AssertionError: Timed out retrying after 30000ms: expected '<input#el-id-7246-6.el-input__inner>' to have value 'testuser', but the value was 'admintestuser'",
                    "estack": "AssertionError: Timed out retrying after 30000ms: expected '<input#el-id-7246-6.el-input__inner>' to have value 'testuser', but the value was 'admintestuser'\n    at Context.eval (webpack:///../tests/cypress/e2e/data-cy-validation-test.cy.js:94:9)",
                    "diff": "- 'admintestuser'\n+ 'testuser'\n"
                  },
                  "uuid": "39186133-4b9c-4b81-b5d9-269700e5f8d9",
                  "parentUUID": "9e8a2549-082d-462d-a69c-d878b35c3d65",
                  "isHook": false,
                  "skipped": false
                },
                {
                  "title": "应该验证登录按钮状态",
                  "fullTitle": "🔍 data-cy 属性全面验证测试 🔐 登录页面详细验证 应该验证登录按钮状态",
                  "timedOut": null,
                  "duration": 1219,
                  "state": "passed",
                  "speed": "fast",
                  "pass": true,
                  "fail": false,
                  "pending": false,
                  "context": null,
                  "code": "cy.get('[data-cy=\"login-submit-button\"]').should('be.visible').and('not.be.disabled').and('contain', '登录');",
                  "err": {},
                  "uuid": "a6190338-d5dc-4e85-af9d-1c9fa0417b1c",
                  "parentUUID": "9e8a2549-082d-462d-a69c-d878b35c3d65",
                  "isHook": false,
                  "skipped": false
                }
              ],
              "suites": [],
              "passes": [
                "20637cf2-f1c1-415b-9210-aa113b0d4435",
                "a6190338-d5dc-4e85-af9d-1c9fa0417b1c"
              ],
              "failures": [
                "39186133-4b9c-4b81-b5d9-269700e5f8d9"
              ],
              "pending": [],
              "skipped": [],
              "duration": 33878,
              "root": false,
              "rootEmpty": false,
              "_timeout": 2000
            },
            {
              "uuid": "fb7afda0-a6da-42a9-afef-fa32d25d3c59",
              "title": "📊 data-cy命名规范验证",
              "fullFile": "",
              "file": "",
              "beforeHooks": [],
              "afterHooks": [],
              "tests": [
                {
                  "title": "应该验证所有data-cy属性符合命名规范",
                  "fullTitle": "🔍 data-cy 属性全面验证测试 📊 data-cy命名规范验证 应该验证所有data-cy属性符合命名规范",
                  "timedOut": null,
                  "duration": 1200,
                  "state": "passed",
                  "speed": "fast",
                  "pass": true,
                  "fail": false,
                  "pending": false,
                  "context": null,
                  "code": "cy.visit('/login');\ncy.wait(1000);\ncy.get('[data-cy]').then($elements => {\n  const violations = [];\n  $elements.each((index, element) => {\n    const dataCy = element.getAttribute('data-cy');\n    if (dataCy) {\n      // 检查是否包含大写字母或空格\n      if (/[A-Z]/.test(dataCy)) {\n        violations.push({\n          attr: dataCy,\n          issue: '包含大写字母'\n        });\n      }\n      if (/\\s/.test(dataCy)) {\n        violations.push({\n          attr: dataCy,\n          issue: '包含空格'\n        });\n      }\n      // 检查是否使用连字符\n      if (!dataCy.includes('-')) {\n        violations.push({\n          attr: dataCy,\n          issue: '未使用连字符分隔'\n        });\n      }\n    }\n  });\n  if (violations.length > 0) {\n    cy.log('⚠️ 发现命名规范违规:');\n    violations.forEach(v => cy.log(`  - ${v.attr}: ${v.issue}`));\n  } else {\n    cy.log('✅ 所有data-cy属性符合命名规范');\n  }\n  expect(violations).to.have.length(0);\n});",
                  "err": {},
                  "uuid": "d3745861-99f6-4298-9eb9-a4763692cb36",
                  "parentUUID": "fb7afda0-a6da-42a9-afef-fa32d25d3c59",
                  "isHook": false,
                  "skipped": false
                }
              ],
              "suites": [],
              "passes": [
                "d3745861-99f6-4298-9eb9-a4763692cb36"
              ],
              "failures": [],
              "pending": [],
              "skipped": [],
              "duration": 1200,
              "root": false,
              "rootEmpty": false,
              "_timeout": 2000
            },
            {
              "uuid": "59d73e32-e5fe-485c-81cc-533456cfc6f1",
              "title": "🔍 data-cy属性唯一性验证",
              "fullFile": "",
              "file": "",
              "beforeHooks": [],
              "afterHooks": [],
              "tests": [
                {
                  "title": "应该在每个页面内验证data-cy属性唯一性",
                  "fullTitle": "🔍 data-cy 属性全面验证测试 🔍 data-cy属性唯一性验证 应该在每个页面内验证data-cy属性唯一性",
                  "timedOut": null,
                  "duration": 3389,
                  "state": "passed",
                  "speed": "fast",
                  "pass": true,
                  "fail": false,
                  "pending": false,
                  "context": null,
                  "code": "const pagesToCheck = ['/login', '/warehouse/zone'];\npagesToCheck.forEach(page => {\n  cy.visit(page, {\n    failOnStatusCode: false\n  });\n  cy.wait(1500);\n  cy.get('[data-cy]').then($elements => {\n    const dataCyValues = [];\n    $elements.each((index, element) => {\n      dataCyValues.push(element.getAttribute('data-cy'));\n    });\n    // 检查重复\n    const duplicates = dataCyValues.filter((item, index) => dataCyValues.indexOf(item) !== index);\n    if (duplicates.length > 0) {\n      cy.log(`⚠️ ${page} 发现重复的data-cy属性: ${[...new Set(duplicates)].join(', ')}`);\n    } else {\n      cy.log(`✅ ${page} 所有data-cy属性唯一`);\n    }\n    expect([...new Set(duplicates)]).to.have.length(0);\n  });\n});",
                  "err": {},
                  "uuid": "23415182-1bae-42f0-952d-2053a0e396fc",
                  "parentUUID": "59d73e32-e5fe-485c-81cc-533456cfc6f1",
                  "isHook": false,
                  "skipped": false
                }
              ],
              "suites": [],
              "passes": [
                "23415182-1bae-42f0-952d-2053a0e396fc"
              ],
              "failures": [],
              "pending": [],
              "skipped": [],
              "duration": 3389,
              "root": false,
              "rootEmpty": false,
              "_timeout": 2000
            },
            {
              "uuid": "fad99578-648e-4800-871a-95ec3e5be584",
              "title": "📦 组件级data-cy属性验证",
              "fullFile": "",
              "file": "",
              "beforeHooks": [],
              "afterHooks": [],
              "tests": [
                {
                  "title": "应该验证仓库管理页面的data-cy属性",
                  "fullTitle": "🔍 data-cy 属性全面验证测试 📦 组件级data-cy属性验证 应该验证仓库管理页面的data-cy属性",
                  "timedOut": null,
                  "duration": 1697,
                  "state": "passed",
                  "speed": "fast",
                  "pass": true,
                  "fail": false,
                  "pending": false,
                  "context": null,
                  "code": "cy.visit('/warehouse/zone', {\n  failOnStatusCode: false\n});\ncy.wait(1500);\nconst expectedElements = ['warehouse-zone-page', 'warehouse-zone-add-btn', 'zone-table', 'warehouse-zone-pagination'];\nexpectedElements.forEach(selector => {\n  cy.get('body').then($body => {\n    if ($body.find(`[data-cy=\"${selector}\"]`).length > 0) {\n      cy.get(`[data-cy=\"${selector}\"]`).should('exist');\n      cy.log(`✅ ${selector} 存在`);\n    } else {\n      cy.log(`⚠️ ${selector} 不存在`);\n    }\n  });\n});",
                  "err": {},
                  "uuid": "ce618689-a2a9-49de-b3eb-46cee0e8a192",
                  "parentUUID": "fad99578-648e-4800-871a-95ec3e5be584",
                  "isHook": false,
                  "skipped": false
                },
                {
                  "title": "应该验证出入库管理页面的data-cy属性",
                  "fullTitle": "🔍 data-cy 属性全面验证测试 📦 组件级data-cy属性验证 应该验证出入库管理页面的data-cy属性",
                  "timedOut": null,
                  "duration": 1716,
                  "state": "passed",
                  "speed": "fast",
                  "pass": true,
                  "fail": false,
                  "pending": false,
                  "context": null,
                  "code": "cy.visit('/inventory-management/inbound', {\n  failOnStatusCode: false\n});\ncy.wait(1500);\n// 验证表格相关data-cy\nconst tableElements = ['inbound-selection-column', 'inbound-order-no-column', 'inbound-type-column', 'inbound-status-column', 'inbound-actions-column'];\ntableElements.forEach(selector => {\n  cy.get('body').then($body => {\n    if ($body.find(`[data-cy=\"${selector}\"]`).length > 0) {\n      cy.log(`✅ ${selector} 存在`);\n    }\n  });\n});",
                  "err": {},
                  "uuid": "38c2da98-749b-4b28-9cc3-937894482ede",
                  "parentUUID": "fad99578-648e-4800-871a-95ec3e5be584",
                  "isHook": false,
                  "skipped": false
                }
              ],
              "suites": [],
              "passes": [
                "ce618689-a2a9-49de-b3eb-46cee0e8a192",
                "38c2da98-749b-4b28-9cc3-937894482ede"
              ],
              "failures": [],
              "pending": [],
              "skipped": [],
              "duration": 3413,
              "root": false,
              "rootEmpty": false,
              "_timeout": 2000
            },
            {
              "uuid": "825d8a77-09f2-4262-a33b-a95c2e15df40",
              "title": "🎯 关键交互元素验证",
              "fullFile": "",
              "file": "",
              "beforeHooks": [],
              "afterHooks": [],
              "tests": [
                {
                  "title": "应该验证所有按钮元素可点击",
                  "fullTitle": "🔍 data-cy 属性全面验证测试 🎯 关键交互元素验证 应该验证所有按钮元素可点击",
                  "timedOut": null,
                  "duration": 31388,
                  "state": "failed",
                  "speed": null,
                  "pass": false,
                  "fail": true,
                  "pending": false,
                  "context": null,
                  "code": "cy.visit('/login');\ncy.wait(1000);\ncy.get('[data-cy$=\"-btn\"]').each($btn => {\n  cy.wrap($btn).should('not.be.disabled');\n});",
                  "err": {
                    "message": "AssertionError: Timed out retrying after 30000ms: Expected to find element: `[data-cy$=\"-btn\"]`, but never found it.",
                    "estack": "AssertionError: Timed out retrying after 30000ms: Expected to find element: `[data-cy$=\"-btn\"]`, but never found it.\n    at Context.eval (webpack:///../tests/cypress/e2e/data-cy-validation-test.cy.js:253:9)",
                    "diff": null
                  },
                  "uuid": "e89ad6a9-a248-4956-a778-6e1a6485d232",
                  "parentUUID": "825d8a77-09f2-4262-a33b-a95c2e15df40",
                  "isHook": false,
                  "skipped": false
                },
                {
                  "title": "应该验证所有输入框元素可输入",
                  "fullTitle": "🔍 data-cy 属性全面验证测试 🎯 关键交互元素验证 应该验证所有输入框元素可输入",
                  "timedOut": null,
                  "duration": 1243,
                  "state": "passed",
                  "speed": "fast",
                  "pass": true,
                  "fail": false,
                  "pending": false,
                  "context": null,
                  "code": "cy.visit('/login');\ncy.wait(1000);\ncy.get('[data-cy$=\"-input\"]').each($input => {\n  cy.wrap($input).should('not.be.disabled');\n});",
                  "err": {},
                  "uuid": "a5a7a641-4950-40a1-892d-d21932b603c1",
                  "parentUUID": "825d8a77-09f2-4262-a33b-a95c2e15df40",
                  "isHook": false,
                  "skipped": false
                }
              ],
              "suites": [],
              "passes": [
                "a5a7a641-4950-40a1-892d-d21932b603c1"
              ],
              "failures": [
                "e89ad6a9-a248-4956-a778-6e1a6485d232"
              ],
              "pending": [],
              "skipped": [],
              "duration": 32631,
              "root": false,
              "rootEmpty": false,
              "_timeout": 2000
            },
            {
              "uuid": "a290801c-374c-406d-9787-7f5439d033f4",
              "title": "📈 测试报告生成",
              "fullFile": "",
              "file": "",
              "beforeHooks": [],
              "afterHooks": [],
              "tests": [
                {
                  "title": "应该生成data-cy属性覆盖率报告",
                  "fullTitle": "🔍 data-cy 属性全面验证测试 📈 测试报告生成 应该生成data-cy属性覆盖率报告",
                  "timedOut": null,
                  "duration": 35,
                  "state": "passed",
                  "speed": "fast",
                  "pass": true,
                  "fail": false,
                  "pending": false,
                  "context": null,
                  "code": "const results = {\n  timestamp: new Date().toISOString(),\n  pages: pageDataCyMap,\n  totalAttributes: allDataCyAttributes.size,\n  summary: {}\n};\n// 统计每个页面的属性数量\nObject.keys(pageDataCyMap).forEach(page => {\n  results.summary[page] = pageDataCyMap[page].length;\n});\ncy.log('════════════════════════════════════════════════════════════');\ncy.log('📊 data-cy属性验证报告');\ncy.log('════════════════════════════════════════════════════════════');\ncy.log(`总计发现 ${results.totalAttributes} 个唯一的data-cy属性`);\ncy.log('');\ncy.log('各页面统计:');\nObject.keys(results.summary).forEach(page => {\n  cy.log(`  ${page}: ${results.summary[page]} 个属性`);\n});\ncy.log('════════════════════════════════════════════════════════════');\n// 将结果写入文件\ncy.writeFile('tests/cypress/reports/data-cy-validation-report.json', results);",
                  "err": {},
                  "uuid": "46f5ee22-23e5-41d7-8cef-dc233595f42a",
                  "parentUUID": "a290801c-374c-406d-9787-7f5439d033f4",
                  "isHook": false,
                  "skipped": false
                }
              ],
              "suites": [],
              "passes": [
                "46f5ee22-23e5-41d7-8cef-dc233595f42a"
              ],
              "failures": [],
              "pending": [],
              "skipped": [],
              "duration": 35,
              "root": false,
              "rootEmpty": false,
              "_timeout": 2000
            }
          ],
          "passes": [],
          "failures": [],
          "pending": [],
          "skipped": [],
          "duration": 0,
          "root": false,
          "rootEmpty": false,
          "_timeout": 2000
        }
      ],
      "passes": [],
      "failures": [],
      "pending": [],
      "skipped": [],
      "duration": 0,
      "root": true,
      "rootEmpty": true,
      "_timeout": 2000
    }
  ],
  "meta": {
    "mocha": {
      "version": "7.2.0"
    },
    "mochawesome": {
      "options": {
        "quiet": false,
        "reportFilename": "mochawesome",
        "saveHtml": false,
        "saveJson": true,
        "consoleReporter": "spec",
        "useInlineDiffs": false,
        "code": true
      },
      "version": "7.1.4"
    },
    "marge": {
      "options": {
        "charts": true,
        "reportPageTitle": "WMS E2E Test Report",
        "embeddedScreenshots": true,
        "inlineAssets": true,
        "saveAllAttempts": false,
        "reportDir": "tests\\cypress\\reports\\.jsons",
        "overwrite": false,
        "html": false,
        "json": true
      },
      "version": "6.3.2"
    }
  }
}